{"message":"Code: 404, Message: Page Not Found, URL: /jajaja, Method: GET","level":"error","timestamp":"2021-06-09T01:25:04.228Z"}
{"message":"Code: 404, Message: Page Not Found, URL: /pizza, Method: GET","level":"error","timestamp":"2021-06-09T01:25:12.651Z"}
{"message":"Code: 404, Message: Page Not Found, URL: /jojo, Method: GET","level":"error","timestamp":"2021-06-09T01:25:17.836Z"}
{"message":"Code: 404, Message: Page Not Found, URL: /jajaj, Method: GET","level":"error","timestamp":"2021-06-09T01:25:22.207Z"}
{"message":"Code: 404, Message: Page Not Found, URL: /main.7483f3806e2cbba3a26b.hot-update.json, Method: GET","level":"error","timestamp":"2021-06-09T01:37:20.105Z"}
{"message":"Code: 404, Message: Page Not Found, URL: /favicon.ico, Method: GET","level":"error","timestamp":"2021-06-09T01:55:25.207Z"}
{"message":"Code: 404, Message: Page Not Found, URL: /main.b58576a08fa7b6911bd5.hot-update.json, Method: GET","level":"error","timestamp":"2021-06-09T02:02:05.067Z"}
{"message":"Code: 404, Message: Page Not Found, URL: /main.41f7e8474775f71db16e.hot-update.json, Method: GET","level":"error","timestamp":"2021-06-09T02:12:00.554Z"}
{"message":"Code: 404, Message: Page Not Found, URL: /main.308ff83006aff68417d2.hot-update.json, Method: GET","level":"error","timestamp":"2021-06-09T02:14:02.232Z"}
{"message":"Code: 404, Message: Page Not Found, URL: /main.a2807658c17c3012cdd6.hot-update.json, Method: GET","level":"error","timestamp":"2021-06-09T02:25:22.329Z"}
{"message":"Code: 404, Message: Page Not Found, URL: /main.1d7802a61f88b43a5670.hot-update.json, Method: GET","level":"error","timestamp":"2021-06-09T02:26:02.996Z"}
{"message":"Code: 404, Message: Page Not Found, URL: /main.e5a272cdab9d68de33c7.hot-update.json, Method: GET","level":"error","timestamp":"2021-06-09T02:31:44.273Z"}
{"message":"Code: 404, Message: Page Not Found, URL: /main.f066d34d542295824ead.hot-update.json, Method: GET","level":"error","timestamp":"2021-06-09T02:33:57.670Z"}
{"message":"Code: 404, Message: Page Not Found, URL: /main.40d4ca1eee732dbcd420.hot-update.json, Method: GET","level":"error","timestamp":"2021-06-09T02:34:11.265Z"}
{"message":"Code: 404, Message: Page Not Found, URL: /main.88781988a724ccc341db.hot-update.json, Method: GET","level":"error","timestamp":"2021-06-09T02:37:45.332Z"}
{"message":"Code: 404, Message: Page Not Found, URL: /main.8baeb50009a44dd45fa4.hot-update.json, Method: GET","level":"error","timestamp":"2021-06-09T02:38:22.657Z"}
{"message":"Code: 404, Message: Page Not Found, URL: /main.dcab4c64bbbc01ff7882.hot-update.json, Method: GET","level":"error","timestamp":"2021-06-09T02:38:50.207Z"}
{"message":"Code: 404, Message: Page Not Found, URL: /main.e1f5f9c2a3d3e396e541.hot-update.json, Method: GET","level":"error","timestamp":"2021-06-09T02:39:00.635Z"}
{"message":"Code: 404, Message: Page Not Found, URL: /main.74394aa7c350ac72cadc.hot-update.json, Method: GET","level":"error","timestamp":"2021-06-09T02:39:38.765Z"}
{"message":"Code: 404, Message: Page Not Found, URL: /main.9016e208e2bfe478bdc5.hot-update.json, Method: GET","level":"error","timestamp":"2021-06-09T02:40:30.964Z"}
{"message":"Code: 404, Message: Page Not Found, URL: /main.82b50a224496f1e0c53e.hot-update.json, Method: GET","level":"error","timestamp":"2021-06-09T02:40:54.902Z"}
{"message":"Code: 404, Message: Page Not Found, URL: /main.3568106428391975ef44.hot-update.json, Method: GET","level":"error","timestamp":"2021-06-09T03:08:04.128Z"}
{"message":"Code: 404, Message: Page Not Found, URL: /favicon.ico, Method: GET","level":"error","timestamp":"2021-06-10T03:24:34.558Z"}
{"message":"Code: 404, Message: Page Not Found, URL: /main.2ba9f94b889bfd1e7119.hot-update.json, Method: GET","level":"error","timestamp":"2021-06-10T03:34:05.649Z"}
{"message":"Code: 404, Message: Page Not Found, URL: /main.a3b619aa1a431f2d4d8a.hot-update.json, Method: GET","level":"error","timestamp":"2021-06-11T00:55:29.535Z"}
{"message":"Code: 404, Message: Page Not Found, URL: /main.2417a4c35fd4115dc700.hot-update.json, Method: GET","level":"error","timestamp":"2021-06-11T02:24:47.819Z"}
{"message":"Code: 404, Message: Page Not Found, URL: /main.36e1d24402092f429887.hot-update.json, Method: GET","level":"error","timestamp":"2021-06-11T02:33:32.852Z"}
{"message":"Code: 404, Message: Page Not Found, URL: /jaja, Method: GET","level":"error","timestamp":"2021-06-11T03:14:24.146Z"}
{"message":"Code: 404, Message: Page Not Found, URL: /main.6692ed41e671493db926.hot-update.json, Method: GET","level":"error","timestamp":"2021-06-11T15:12:44.282Z"}
{"message":"Code: 404, Message: Page Not Found, URL: /main.62b9321784e9185a9af5.hot-update.json, Method: GET","level":"error","timestamp":"2021-06-11T15:12:53.520Z"}
{"message":"Code: 404, Message: Page Not Found, URL: /main.9b7d8c937d2aa342981b.hot-update.json, Method: GET","level":"error","timestamp":"2021-06-11T15:21:31.459Z"}
{"message":"Code: 404, Message: Page Not Found, URL: /main.a4489b6d46f239a6fe12.hot-update.json, Method: GET","level":"error","timestamp":"2021-06-11T15:22:38.438Z"}
{"message":"Code: 404, Message: Page Not Found, URL: /favicon.ico, Method: GET","level":"error","timestamp":"2021-06-15T00:49:29.170Z"}
{"message":"Code: 404, Message: Page Not Found, URL: /favicon.ico, Method: GET","level":"error","timestamp":"2021-06-16T01:57:40.517Z"}
{"message":"Code: 404, Message: Page Not Found, URL: /main.ad2f696eb60a0a33ae63.hot-update.json, Method: GET","level":"error","timestamp":"2021-06-16T02:11:57.176Z"}
{"message":"Code: 404, Message: Page Not Found, URL: /main.96a540acc2c888470864.hot-update.json, Method: GET","level":"error","timestamp":"2021-06-16T02:12:48.748Z"}
{"message":"Code: 404, Message: Page Not Found, URL: /main.3e211276bd8d6414253a.hot-update.json, Method: GET","level":"error","timestamp":"2021-06-16T02:14:19.105Z"}
