{"message":"::1 - - [08/Jun/2021:01:24:27 +0000] \"GET / HTTP/1.1\" 304 - \"-\" \"Mozilla/5.0 (Windows NT 10.0; Win64; x64) AppleWebKit/537.36 (KHTML, like Gecko) Chrome/90.0.4430.212 Safari/537.36\"\n","level":"info","timestamp":"2021-06-08T01:24:27.745Z"}
{"message":"::1 - - [08/Jun/2021:02:13:29 +0000] \"GET / HTTP/1.1\" 304 - \"-\" \"Mozilla/5.0 (Windows NT 10.0; Win64; x64) AppleWebKit/537.36 (KHTML, like Gecko) Chrome/90.0.4430.212 Safari/537.36\"\n","level":"info","timestamp":"2021-06-08T02:13:29.026Z"}
{"message":"::1 - - [08/Jun/2021:02:13:35 +0000] \"GET / HTTP/1.1\" 304 - \"-\" \"Mozilla/5.0 (Windows NT 10.0; Win64; x64) AppleWebKit/537.36 (KHTML, like Gecko) Chrome/90.0.4430.212 Safari/537.36\"\n","level":"info","timestamp":"2021-06-08T02:13:35.856Z"}
{"message":"::1 - - [08/Jun/2021:02:39:36 +0000] \"GET /main.6bfdb78c31109fb59192.hot-update.json HTTP/1.1\" 404 1163 \"http://localhost:3000/\" \"Mozilla/5.0 (Windows NT 10.0; Win64; x64) AppleWebKit/537.36 (KHTML, like Gecko) Chrome/90.0.4430.212 Safari/537.36\"\n","level":"info","timestamp":"2021-06-08T02:39:36.204Z"}
{"message":"::1 - - [08/Jun/2021:02:39:36 +0000] \"GET / HTTP/1.1\" 304 - \"http://localhost:3000/\" \"Mozilla/5.0 (Windows NT 10.0; Win64; x64) AppleWebKit/537.36 (KHTML, like Gecko) Chrome/90.0.4430.212 Safari/537.36\"\n","level":"info","timestamp":"2021-06-08T02:39:36.338Z"}
{"message":"::1 - - [08/Jun/2021:02:39:47 +0000] \"GET /jjaj HTTP/1.1\" 404 1163 \"-\" \"Mozilla/5.0 (Windows NT 10.0; Win64; x64) AppleWebKit/537.36 (KHTML, like Gecko) Chrome/90.0.4430.212 Safari/537.36\"\n","level":"info","timestamp":"2021-06-08T02:39:47.994Z"}
{"message":"::1 - - [08/Jun/2021:02:39:58 +0000] \"GET /jjaj HTTP/1.1\" 404 1163 \"-\" \"Mozilla/5.0 (Windows NT 10.0; Win64; x64) AppleWebKit/537.36 (KHTML, like Gecko) Chrome/90.0.4430.212 Safari/537.36\"\n","level":"info","timestamp":"2021-06-08T02:39:58.295Z"}
{"message":"::1 - - [08/Jun/2021:02:39:58 +0000] \"GET /jjaj HTTP/1.1\" 404 1163 \"-\" \"Mozilla/5.0 (Windows NT 10.0; Win64; x64) AppleWebKit/537.36 (KHTML, like Gecko) Chrome/90.0.4430.212 Safari/537.36\"\n","level":"info","timestamp":"2021-06-08T02:39:58.399Z"}
{"message":"::1 - - [08/Jun/2021:02:39:58 +0000] \"GET /jjaj HTTP/1.1\" 404 1163 \"-\" \"Mozilla/5.0 (Windows NT 10.0; Win64; x64) AppleWebKit/537.36 (KHTML, like Gecko) Chrome/90.0.4430.212 Safari/537.36\"\n","level":"info","timestamp":"2021-06-08T02:39:58.631Z"}
{"message":"::1 - - [08/Jun/2021:02:39:58 +0000] \"GET /jjaj HTTP/1.1\" 404 1163 \"-\" \"Mozilla/5.0 (Windows NT 10.0; Win64; x64) AppleWebKit/537.36 (KHTML, like Gecko) Chrome/90.0.4430.212 Safari/537.36\"\n","level":"info","timestamp":"2021-06-08T02:39:58.743Z"}
{"message":"::1 - - [08/Jun/2021:02:39:58 +0000] \"GET /jjaj HTTP/1.1\" 404 1163 \"-\" \"Mozilla/5.0 (Windows NT 10.0; Win64; x64) AppleWebKit/537.36 (KHTML, like Gecko) Chrome/90.0.4430.212 Safari/537.36\"\n","level":"info","timestamp":"2021-06-08T02:39:58.853Z"}
{"message":"::1 - - [08/Jun/2021:02:39:58 +0000] \"GET /jjaj HTTP/1.1\" 404 1163 \"-\" \"Mozilla/5.0 (Windows NT 10.0; Win64; x64) AppleWebKit/537.36 (KHTML, like Gecko) Chrome/90.0.4430.212 Safari/537.36\"\n","level":"info","timestamp":"2021-06-08T02:39:58.978Z"}
{"message":"::1 - - [08/Jun/2021:02:39:59 +0000] \"GET /jjaj HTTP/1.1\" 404 1163 \"-\" \"Mozilla/5.0 (Windows NT 10.0; Win64; x64) AppleWebKit/537.36 (KHTML, like Gecko) Chrome/90.0.4430.212 Safari/537.36\"\n","level":"info","timestamp":"2021-06-08T02:39:59.107Z"}
{"message":"::1 - - [08/Jun/2021:02:39:59 +0000] \"GET /jjaj HTTP/1.1\" 404 1163 \"-\" \"Mozilla/5.0 (Windows NT 10.0; Win64; x64) AppleWebKit/537.36 (KHTML, like Gecko) Chrome/90.0.4430.212 Safari/537.36\"\n","level":"info","timestamp":"2021-06-08T02:39:59.243Z"}
{"message":"::1 - - [08/Jun/2021:02:40:02 +0000] \"GET / HTTP/1.1\" 304 - \"http://localhost:3000/\" \"Mozilla/5.0 (Windows NT 10.0; Win64; x64) AppleWebKit/537.36 (KHTML, like Gecko) Chrome/90.0.4430.212 Safari/537.36\"\n","level":"info","timestamp":"2021-06-08T02:40:02.875Z"}
{"message":"::1 - - [08/Jun/2021:02:53:08 +0000] \"GET /main.defa369dbb290ffa2aaf.hot-update.json HTTP/1.1\" 404 1163 \"http://localhost:3000/\" \"Mozilla/5.0 (Windows NT 10.0; Win64; x64) AppleWebKit/537.36 (KHTML, like Gecko) Chrome/90.0.4430.212 Safari/537.36\"\n","level":"info","timestamp":"2021-06-08T02:53:08.128Z"}
{"message":"::1 - - [08/Jun/2021:02:53:08 +0000] \"GET / HTTP/1.1\" 304 - \"http://localhost:3000/\" \"Mozilla/5.0 (Windows NT 10.0; Win64; x64) AppleWebKit/537.36 (KHTML, like Gecko) Chrome/90.0.4430.212 Safari/537.36\"\n","level":"info","timestamp":"2021-06-08T02:53:08.212Z"}
{"message":"::ffff:127.0.0.1 - - [08/Jun/2021:02:58:49 +0000] \"GET /main.a1f0c8017ba6dca5ddc2.hot-update.json HTTP/1.1\" 404 1163 \"http://localhost:3000/\" \"Mozilla/5.0 (Windows NT 10.0; Win64; x64) AppleWebKit/537.36 (KHTML, like Gecko) Chrome/90.0.4430.212 Safari/537.36\"\n","level":"info","timestamp":"2021-06-08T02:58:49.414Z"}
{"message":"::ffff:127.0.0.1 - - [08/Jun/2021:02:58:49 +0000] \"GET / HTTP/1.1\" 304 - \"http://localhost:3000/\" \"Mozilla/5.0 (Windows NT 10.0; Win64; x64) AppleWebKit/537.36 (KHTML, like Gecko) Chrome/90.0.4430.212 Safari/537.36\"\n","level":"info","timestamp":"2021-06-08T02:58:49.472Z"}
{"message":"::1 - - [09/Jun/2021:01:24:57 +0000] \"GET / HTTP/1.1\" 304 - \"-\" \"Mozilla/5.0 (Windows NT 10.0; Win64; x64) AppleWebKit/537.36 (KHTML, like Gecko) Chrome/90.0.4430.212 Safari/537.36\"\n","level":"info","timestamp":"2021-06-09T01:24:57.902Z"}
{"message":"Code: 404, Message: Page Not Found, URL: /jajaja, Method: GET","level":"error","timestamp":"2021-06-09T01:25:04.227Z"}
{"message":"::1 - - [09/Jun/2021:01:25:04 +0000] \"GET /jajaja HTTP/1.1\" 404 1163 \"-\" \"Mozilla/5.0 (Windows NT 10.0; Win64; x64) AppleWebKit/537.36 (KHTML, like Gecko) Chrome/90.0.4430.212 Safari/537.36\"\n","level":"info","timestamp":"2021-06-09T01:25:04.249Z"}
{"message":"Code: 404, Message: Page Not Found, URL: /pizza, Method: GET","level":"error","timestamp":"2021-06-09T01:25:12.650Z"}
{"message":"::1 - - [09/Jun/2021:01:25:12 +0000] \"GET /pizza HTTP/1.1\" 404 1163 \"-\" \"Mozilla/5.0 (Windows NT 10.0; Win64; x64) AppleWebKit/537.36 (KHTML, like Gecko) Chrome/90.0.4430.212 Safari/537.36\"\n","level":"info","timestamp":"2021-06-09T01:25:12.657Z"}
{"message":"Code: 404, Message: Page Not Found, URL: /jojo, Method: GET","level":"error","timestamp":"2021-06-09T01:25:17.836Z"}
{"message":"::1 - - [09/Jun/2021:01:25:17 +0000] \"GET /jojo HTTP/1.1\" 404 1163 \"-\" \"Mozilla/5.0 (Windows NT 10.0; Win64; x64) AppleWebKit/537.36 (KHTML, like Gecko) Chrome/90.0.4430.212 Safari/537.36\"\n","level":"info","timestamp":"2021-06-09T01:25:17.842Z"}
{"message":"Code: 404, Message: Page Not Found, URL: /jajaj, Method: GET","level":"error","timestamp":"2021-06-09T01:25:22.204Z"}
{"message":"::1 - - [09/Jun/2021:01:25:22 +0000] \"GET /jajaj HTTP/1.1\" 404 1163 \"-\" \"Mozilla/5.0 (Windows NT 10.0; Win64; x64) AppleWebKit/537.36 (KHTML, like Gecko) Chrome/90.0.4430.212 Safari/537.36\"\n","level":"info","timestamp":"2021-06-09T01:25:22.214Z"}
{"message":"::1 - - [09/Jun/2021:01:25:25 +0000] \"GET / HTTP/1.1\" 304 - \"-\" \"Mozilla/5.0 (Windows NT 10.0; Win64; x64) AppleWebKit/537.36 (KHTML, like Gecko) Chrome/90.0.4430.212 Safari/537.36\"\n","level":"info","timestamp":"2021-06-09T01:25:25.678Z"}
{"message":"Code: 404, Message: Page Not Found, URL: /main.7483f3806e2cbba3a26b.hot-update.json, Method: GET","level":"error","timestamp":"2021-06-09T01:37:20.104Z"}
{"message":"::1 - - [09/Jun/2021:01:37:20 +0000] \"GET /main.7483f3806e2cbba3a26b.hot-update.json HTTP/1.1\" 404 1163 \"http://localhost:3000/\" \"Mozilla/5.0 (Windows NT 10.0; Win64; x64) AppleWebKit/537.36 (KHTML, like Gecko) Chrome/90.0.4430.212 Safari/537.36\"\n","level":"info","timestamp":"2021-06-09T01:37:20.127Z"}
{"message":"::1 - - [09/Jun/2021:01:37:20 +0000] \"GET / HTTP/1.1\" 304 - \"http://localhost:3000/\" \"Mozilla/5.0 (Windows NT 10.0; Win64; x64) AppleWebKit/537.36 (KHTML, like Gecko) Chrome/90.0.4430.212 Safari/537.36\"\n","level":"info","timestamp":"2021-06-09T01:37:20.187Z"}
{"message":"Code: 404, Message: Page Not Found, URL: /favicon.ico, Method: GET","level":"error","timestamp":"2021-06-09T01:55:25.206Z"}
{"message":"::1 - - [09/Jun/2021:01:55:25 +0000] \"GET /favicon.ico HTTP/1.1\" 404 1163 \"http://localhost:3000/\" \"Mozilla/5.0 (Windows NT 10.0; Win64; x64) AppleWebKit/537.36 (KHTML, like Gecko) Chrome/91.0.4472.77 Safari/537.36\"\n","level":"info","timestamp":"2021-06-09T01:55:25.213Z"}
{"message":"Code: 404, Message: Page Not Found, URL: /main.b58576a08fa7b6911bd5.hot-update.json, Method: GET","level":"error","timestamp":"2021-06-09T02:02:05.065Z"}
{"message":"::1 - - [09/Jun/2021:02:02:05 +0000] \"GET /main.b58576a08fa7b6911bd5.hot-update.json HTTP/1.1\" 404 1163 \"http://localhost:3000/\" \"Mozilla/5.0 (Windows NT 10.0; Win64; x64) AppleWebKit/537.36 (KHTML, like Gecko) Chrome/91.0.4472.77 Safari/537.36\"\n","level":"info","timestamp":"2021-06-09T02:02:05.095Z"}
{"message":"::1 - - [09/Jun/2021:02:02:05 +0000] \"GET / HTTP/1.1\" 304 - \"http://localhost:3000/\" \"Mozilla/5.0 (Windows NT 10.0; Win64; x64) AppleWebKit/537.36 (KHTML, like Gecko) Chrome/91.0.4472.77 Safari/537.36\"\n","level":"info","timestamp":"2021-06-09T02:02:05.235Z"}
{"message":"Code: 404, Message: Page Not Found, URL: /main.41f7e8474775f71db16e.hot-update.json, Method: GET","level":"error","timestamp":"2021-06-09T02:12:00.553Z"}
{"message":"::ffff:127.0.0.1 - - [09/Jun/2021:02:12:00 +0000] \"GET /main.41f7e8474775f71db16e.hot-update.json HTTP/1.1\" 404 1163 \"http://localhost:3000/\" \"Mozilla/5.0 (Windows NT 10.0; Win64; x64) AppleWebKit/537.36 (KHTML, like Gecko) Chrome/91.0.4472.77 Safari/537.36\"\n","level":"info","timestamp":"2021-06-09T02:12:00.575Z"}
{"message":"::ffff:127.0.0.1 - - [09/Jun/2021:02:12:00 +0000] \"GET / HTTP/1.1\" 304 - \"http://localhost:3000/\" \"Mozilla/5.0 (Windows NT 10.0; Win64; x64) AppleWebKit/537.36 (KHTML, like Gecko) Chrome/91.0.4472.77 Safari/537.36\"\n","level":"info","timestamp":"2021-06-09T02:12:00.636Z"}
{"message":"Code: 404, Message: Page Not Found, URL: /main.308ff83006aff68417d2.hot-update.json, Method: GET","level":"error","timestamp":"2021-06-09T02:14:02.230Z"}
{"message":"::1 - - [09/Jun/2021:02:14:02 +0000] \"GET /main.308ff83006aff68417d2.hot-update.json HTTP/1.1\" 404 1163 \"http://localhost:3000/\" \"Mozilla/5.0 (Windows NT 10.0; Win64; x64) AppleWebKit/537.36 (KHTML, like Gecko) Chrome/91.0.4472.77 Safari/537.36\"\n","level":"info","timestamp":"2021-06-09T02:14:02.251Z"}
{"message":"::1 - - [09/Jun/2021:02:14:02 +0000] \"GET / HTTP/1.1\" 304 - \"http://localhost:3000/\" \"Mozilla/5.0 (Windows NT 10.0; Win64; x64) AppleWebKit/537.36 (KHTML, like Gecko) Chrome/91.0.4472.77 Safari/537.36\"\n","level":"info","timestamp":"2021-06-09T02:14:02.312Z"}
{"message":"Code: 404, Message: Page Not Found, URL: /main.a2807658c17c3012cdd6.hot-update.json, Method: GET","level":"error","timestamp":"2021-06-09T02:25:22.325Z"}
{"message":"::1 - - [09/Jun/2021:02:25:22 +0000] \"GET /main.a2807658c17c3012cdd6.hot-update.json HTTP/1.1\" 404 1163 \"http://localhost:3000/\" \"Mozilla/5.0 (Windows NT 10.0; Win64; x64) AppleWebKit/537.36 (KHTML, like Gecko) Chrome/91.0.4472.77 Safari/537.36\"\n","level":"info","timestamp":"2021-06-09T02:25:22.354Z"}
{"message":"::1 - - [09/Jun/2021:02:25:22 +0000] \"GET / HTTP/1.1\" 304 - \"http://localhost:3000/\" \"Mozilla/5.0 (Windows NT 10.0; Win64; x64) AppleWebKit/537.36 (KHTML, like Gecko) Chrome/91.0.4472.77 Safari/537.36\"\n","level":"info","timestamp":"2021-06-09T02:25:22.423Z"}
{"message":"Code: 404, Message: Page Not Found, URL: /main.1d7802a61f88b43a5670.hot-update.json, Method: GET","level":"error","timestamp":"2021-06-09T02:26:02.995Z"}
{"message":"::ffff:127.0.0.1 - - [09/Jun/2021:02:26:03 +0000] \"GET /main.1d7802a61f88b43a5670.hot-update.json HTTP/1.1\" 404 1163 \"http://localhost:3000/\" \"Mozilla/5.0 (Windows NT 10.0; Win64; x64) AppleWebKit/537.36 (KHTML, like Gecko) Chrome/91.0.4472.77 Safari/537.36\"\n","level":"info","timestamp":"2021-06-09T02:26:03.016Z"}
{"message":"::ffff:127.0.0.1 - - [09/Jun/2021:02:26:03 +0000] \"GET / HTTP/1.1\" 304 - \"http://localhost:3000/\" \"Mozilla/5.0 (Windows NT 10.0; Win64; x64) AppleWebKit/537.36 (KHTML, like Gecko) Chrome/91.0.4472.77 Safari/537.36\"\n","level":"info","timestamp":"2021-06-09T02:26:03.106Z"}
{"message":"Code: 404, Message: Page Not Found, URL: /main.e5a272cdab9d68de33c7.hot-update.json, Method: GET","level":"error","timestamp":"2021-06-09T02:31:44.271Z"}
{"message":"::ffff:127.0.0.1 - - [09/Jun/2021:02:31:44 +0000] \"GET /main.e5a272cdab9d68de33c7.hot-update.json HTTP/1.1\" 404 1163 \"http://localhost:3000/\" \"Mozilla/5.0 (Windows NT 10.0; Win64; x64) AppleWebKit/537.36 (KHTML, like Gecko) Chrome/91.0.4472.77 Safari/537.36\"\n","level":"info","timestamp":"2021-06-09T02:31:44.292Z"}
{"message":"::ffff:127.0.0.1 - - [09/Jun/2021:02:31:44 +0000] \"GET / HTTP/1.1\" 304 - \"http://localhost:3000/\" \"Mozilla/5.0 (Windows NT 10.0; Win64; x64) AppleWebKit/537.36 (KHTML, like Gecko) Chrome/91.0.4472.77 Safari/537.36\"\n","level":"info","timestamp":"2021-06-09T02:31:44.369Z"}
{"message":"Code: 404, Message: Page Not Found, URL: /main.f066d34d542295824ead.hot-update.json, Method: GET","level":"error","timestamp":"2021-06-09T02:33:57.668Z"}
{"message":"::1 - - [09/Jun/2021:02:33:57 +0000] \"GET /main.f066d34d542295824ead.hot-update.json HTTP/1.1\" 404 1163 \"http://localhost:3000/\" \"Mozilla/5.0 (Windows NT 10.0; Win64; x64) AppleWebKit/537.36 (KHTML, like Gecko) Chrome/91.0.4472.77 Safari/537.36\"\n","level":"info","timestamp":"2021-06-09T02:33:57.695Z"}
{"message":"::1 - - [09/Jun/2021:02:33:57 +0000] \"GET / HTTP/1.1\" 304 - \"http://localhost:3000/\" \"Mozilla/5.0 (Windows NT 10.0; Win64; x64) AppleWebKit/537.36 (KHTML, like Gecko) Chrome/91.0.4472.77 Safari/537.36\"\n","level":"info","timestamp":"2021-06-09T02:33:57.789Z"}
{"message":"Code: 404, Message: Page Not Found, URL: /main.40d4ca1eee732dbcd420.hot-update.json, Method: GET","level":"error","timestamp":"2021-06-09T02:34:11.263Z"}
{"message":"::1 - - [09/Jun/2021:02:34:11 +0000] \"GET /main.40d4ca1eee732dbcd420.hot-update.json HTTP/1.1\" 404 1163 \"http://localhost:3000/\" \"Mozilla/5.0 (Windows NT 10.0; Win64; x64) AppleWebKit/537.36 (KHTML, like Gecko) Chrome/91.0.4472.77 Safari/537.36\"\n","level":"info","timestamp":"2021-06-09T02:34:11.283Z"}
{"message":"::1 - - [09/Jun/2021:02:34:11 +0000] \"GET / HTTP/1.1\" 304 - \"http://localhost:3000/\" \"Mozilla/5.0 (Windows NT 10.0; Win64; x64) AppleWebKit/537.36 (KHTML, like Gecko) Chrome/91.0.4472.77 Safari/537.36\"\n","level":"info","timestamp":"2021-06-09T02:34:11.353Z"}
{"message":"Code: 404, Message: Page Not Found, URL: /main.88781988a724ccc341db.hot-update.json, Method: GET","level":"error","timestamp":"2021-06-09T02:37:45.331Z"}
{"message":"::ffff:127.0.0.1 - - [09/Jun/2021:02:37:45 +0000] \"GET /main.88781988a724ccc341db.hot-update.json HTTP/1.1\" 404 1163 \"http://localhost:3000/\" \"Mozilla/5.0 (Windows NT 10.0; Win64; x64) AppleWebKit/537.36 (KHTML, like Gecko) Chrome/91.0.4472.77 Safari/537.36\"\n","level":"info","timestamp":"2021-06-09T02:37:45.348Z"}
{"message":"::ffff:127.0.0.1 - - [09/Jun/2021:02:37:45 +0000] \"GET / HTTP/1.1\" 304 - \"http://localhost:3000/\" \"Mozilla/5.0 (Windows NT 10.0; Win64; x64) AppleWebKit/537.36 (KHTML, like Gecko) Chrome/91.0.4472.77 Safari/537.36\"\n","level":"info","timestamp":"2021-06-09T02:37:45.422Z"}
{"message":"Code: 404, Message: Page Not Found, URL: /main.8baeb50009a44dd45fa4.hot-update.json, Method: GET","level":"error","timestamp":"2021-06-09T02:38:22.656Z"}
{"message":"::1 - - [09/Jun/2021:02:38:22 +0000] \"GET /main.8baeb50009a44dd45fa4.hot-update.json HTTP/1.1\" 404 1163 \"http://localhost:3000/\" \"Mozilla/5.0 (Windows NT 10.0; Win64; x64) AppleWebKit/537.36 (KHTML, like Gecko) Chrome/91.0.4472.77 Safari/537.36\"\n","level":"info","timestamp":"2021-06-09T02:38:22.674Z"}
{"message":"::1 - - [09/Jun/2021:02:38:22 +0000] \"GET / HTTP/1.1\" 304 - \"http://localhost:3000/\" \"Mozilla/5.0 (Windows NT 10.0; Win64; x64) AppleWebKit/537.36 (KHTML, like Gecko) Chrome/91.0.4472.77 Safari/537.36\"\n","level":"info","timestamp":"2021-06-09T02:38:22.730Z"}
{"message":"Code: 404, Message: Page Not Found, URL: /main.dcab4c64bbbc01ff7882.hot-update.json, Method: GET","level":"error","timestamp":"2021-06-09T02:38:50.206Z"}
{"message":"::1 - - [09/Jun/2021:02:38:50 +0000] \"GET /main.dcab4c64bbbc01ff7882.hot-update.json HTTP/1.1\" 404 1163 \"http://localhost:3000/\" \"Mozilla/5.0 (Windows NT 10.0; Win64; x64) AppleWebKit/537.36 (KHTML, like Gecko) Chrome/91.0.4472.77 Safari/537.36\"\n","level":"info","timestamp":"2021-06-09T02:38:50.226Z"}
{"message":"::1 - - [09/Jun/2021:02:38:50 +0000] \"GET / HTTP/1.1\" 304 - \"http://localhost:3000/\" \"Mozilla/5.0 (Windows NT 10.0; Win64; x64) AppleWebKit/537.36 (KHTML, like Gecko) Chrome/91.0.4472.77 Safari/537.36\"\n","level":"info","timestamp":"2021-06-09T02:38:50.280Z"}
{"message":"Code: 404, Message: Page Not Found, URL: /main.e1f5f9c2a3d3e396e541.hot-update.json, Method: GET","level":"error","timestamp":"2021-06-09T02:39:00.633Z"}
{"message":"::ffff:127.0.0.1 - - [09/Jun/2021:02:39:00 +0000] \"GET /main.e1f5f9c2a3d3e396e541.hot-update.json HTTP/1.1\" 404 1163 \"http://localhost:3000/\" \"Mozilla/5.0 (Windows NT 10.0; Win64; x64) AppleWebKit/537.36 (KHTML, like Gecko) Chrome/91.0.4472.77 Safari/537.36\"\n","level":"info","timestamp":"2021-06-09T02:39:00.653Z"}
{"message":"::ffff:127.0.0.1 - - [09/Jun/2021:02:39:00 +0000] \"GET / HTTP/1.1\" 304 - \"http://localhost:3000/\" \"Mozilla/5.0 (Windows NT 10.0; Win64; x64) AppleWebKit/537.36 (KHTML, like Gecko) Chrome/91.0.4472.77 Safari/537.36\"\n","level":"info","timestamp":"2021-06-09T02:39:00.720Z"}
{"message":"Code: 404, Message: Page Not Found, URL: /main.74394aa7c350ac72cadc.hot-update.json, Method: GET","level":"error","timestamp":"2021-06-09T02:39:38.763Z"}
{"message":"::1 - - [09/Jun/2021:02:39:38 +0000] \"GET /main.74394aa7c350ac72cadc.hot-update.json HTTP/1.1\" 404 1163 \"http://localhost:3000/\" \"Mozilla/5.0 (Windows NT 10.0; Win64; x64) AppleWebKit/537.36 (KHTML, like Gecko) Chrome/91.0.4472.77 Safari/537.36\"\n","level":"info","timestamp":"2021-06-09T02:39:38.792Z"}
{"message":"::1 - - [09/Jun/2021:02:39:38 +0000] \"GET / HTTP/1.1\" 304 - \"http://localhost:3000/\" \"Mozilla/5.0 (Windows NT 10.0; Win64; x64) AppleWebKit/537.36 (KHTML, like Gecko) Chrome/91.0.4472.77 Safari/537.36\"\n","level":"info","timestamp":"2021-06-09T02:39:38.860Z"}
{"message":"Code: 404, Message: Page Not Found, URL: /main.9016e208e2bfe478bdc5.hot-update.json, Method: GET","level":"error","timestamp":"2021-06-09T02:40:30.962Z"}
{"message":"::1 - - [09/Jun/2021:02:40:30 +0000] \"GET /main.9016e208e2bfe478bdc5.hot-update.json HTTP/1.1\" 404 1163 \"http://localhost:3000/\" \"Mozilla/5.0 (Windows NT 10.0; Win64; x64) AppleWebKit/537.36 (KHTML, like Gecko) Chrome/91.0.4472.77 Safari/537.36\"\n","level":"info","timestamp":"2021-06-09T02:40:30.984Z"}
{"message":"::1 - - [09/Jun/2021:02:40:31 +0000] \"GET / HTTP/1.1\" 304 - \"http://localhost:3000/\" \"Mozilla/5.0 (Windows NT 10.0; Win64; x64) AppleWebKit/537.36 (KHTML, like Gecko) Chrome/91.0.4472.77 Safari/537.36\"\n","level":"info","timestamp":"2021-06-09T02:40:31.045Z"}
{"message":"Code: 404, Message: Page Not Found, URL: /main.82b50a224496f1e0c53e.hot-update.json, Method: GET","level":"error","timestamp":"2021-06-09T02:40:54.900Z"}
{"message":"::1 - - [09/Jun/2021:02:40:54 +0000] \"GET /main.82b50a224496f1e0c53e.hot-update.json HTTP/1.1\" 404 1163 \"http://localhost:3000/\" \"Mozilla/5.0 (Windows NT 10.0; Win64; x64) AppleWebKit/537.36 (KHTML, like Gecko) Chrome/91.0.4472.77 Safari/537.36\"\n","level":"info","timestamp":"2021-06-09T02:40:54.929Z"}
{"message":"::1 - - [09/Jun/2021:02:40:55 +0000] \"GET / HTTP/1.1\" 304 - \"http://localhost:3000/\" \"Mozilla/5.0 (Windows NT 10.0; Win64; x64) AppleWebKit/537.36 (KHTML, like Gecko) Chrome/91.0.4472.77 Safari/537.36\"\n","level":"info","timestamp":"2021-06-09T02:40:55.018Z"}
{"message":"Code: 404, Message: Page Not Found, URL: /main.3568106428391975ef44.hot-update.json, Method: GET","level":"error","timestamp":"2021-06-09T03:08:04.125Z"}
{"message":"::ffff:127.0.0.1 - - [09/Jun/2021:03:08:04 +0000] \"GET /main.3568106428391975ef44.hot-update.json HTTP/1.1\" 404 1163 \"http://localhost:3000/\" \"Mozilla/5.0 (Windows NT 10.0; Win64; x64) AppleWebKit/537.36 (KHTML, like Gecko) Chrome/91.0.4472.77 Safari/537.36\"\n","level":"info","timestamp":"2021-06-09T03:08:04.149Z"}
{"message":"::ffff:127.0.0.1 - - [09/Jun/2021:03:08:04 +0000] \"GET / HTTP/1.1\" 304 - \"http://localhost:3000/\" \"Mozilla/5.0 (Windows NT 10.0; Win64; x64) AppleWebKit/537.36 (KHTML, like Gecko) Chrome/91.0.4472.77 Safari/537.36\"\n","level":"info","timestamp":"2021-06-09T03:08:04.213Z"}
{"message":"::1 - - [09/Jun/2021:03:08:20 +0000] \"GET / HTTP/1.1\" 304 - \"-\" \"Mozilla/5.0 (Windows NT 10.0; Win64; x64) AppleWebKit/537.36 (KHTML, like Gecko) Chrome/91.0.4472.77 Safari/537.36\"\n","level":"info","timestamp":"2021-06-09T03:08:20.958Z"}
