{"message":"Code: 404, Message: Page Not Found, URL: /jajaja, Method: GET","level":"error","timestamp":"2021-06-09T01:25:04.228Z"}
{"message":"Code: 404, Message: Page Not Found, URL: /pizza, Method: GET","level":"error","timestamp":"2021-06-09T01:25:12.651Z"}
{"message":"Code: 404, Message: Page Not Found, URL: /jojo, Method: GET","level":"error","timestamp":"2021-06-09T01:25:17.836Z"}
{"message":"Code: 404, Message: Page Not Found, URL: /jajaj, Method: GET","level":"error","timestamp":"2021-06-09T01:25:22.205Z"}
{"message":"Code: 404, Message: Page Not Found, URL: /main.7483f3806e2cbba3a26b.hot-update.json, Method: GET","level":"error","timestamp":"2021-06-09T01:37:20.105Z"}
{"message":"Code: 404, Message: Page Not Found, URL: /favicon.ico, Method: GET","level":"error","timestamp":"2021-06-09T01:55:25.207Z"}
{"message":"Code: 404, Message: Page Not Found, URL: /main.b58576a08fa7b6911bd5.hot-update.json, Method: GET","level":"error","timestamp":"2021-06-09T02:02:05.066Z"}
{"message":"Code: 404, Message: Page Not Found, URL: /main.41f7e8474775f71db16e.hot-update.json, Method: GET","level":"error","timestamp":"2021-06-09T02:12:00.554Z"}
{"message":"Code: 404, Message: Page Not Found, URL: /main.308ff83006aff68417d2.hot-update.json, Method: GET","level":"error","timestamp":"2021-06-09T02:14:02.232Z"}
{"message":"Code: 404, Message: Page Not Found, URL: /main.a2807658c17c3012cdd6.hot-update.json, Method: GET","level":"error","timestamp":"2021-06-09T02:25:22.328Z"}
{"message":"Code: 404, Message: Page Not Found, URL: /main.1d7802a61f88b43a5670.hot-update.json, Method: GET","level":"error","timestamp":"2021-06-09T02:26:02.996Z"}
{"message":"Code: 404, Message: Page Not Found, URL: /main.e5a272cdab9d68de33c7.hot-update.json, Method: GET","level":"error","timestamp":"2021-06-09T02:31:44.272Z"}
{"message":"Code: 404, Message: Page Not Found, URL: /main.f066d34d542295824ead.hot-update.json, Method: GET","level":"error","timestamp":"2021-06-09T02:33:57.670Z"}
{"message":"Code: 404, Message: Page Not Found, URL: /main.40d4ca1eee732dbcd420.hot-update.json, Method: GET","level":"error","timestamp":"2021-06-09T02:34:11.264Z"}
{"message":"Code: 404, Message: Page Not Found, URL: /main.88781988a724ccc341db.hot-update.json, Method: GET","level":"error","timestamp":"2021-06-09T02:37:45.332Z"}
{"message":"Code: 404, Message: Page Not Found, URL: /main.8baeb50009a44dd45fa4.hot-update.json, Method: GET","level":"error","timestamp":"2021-06-09T02:38:22.657Z"}
{"message":"Code: 404, Message: Page Not Found, URL: /main.dcab4c64bbbc01ff7882.hot-update.json, Method: GET","level":"error","timestamp":"2021-06-09T02:38:50.207Z"}
{"message":"Code: 404, Message: Page Not Found, URL: /main.e1f5f9c2a3d3e396e541.hot-update.json, Method: GET","level":"error","timestamp":"2021-06-09T02:39:00.634Z"}
{"message":"Code: 404, Message: Page Not Found, URL: /main.74394aa7c350ac72cadc.hot-update.json, Method: GET","level":"error","timestamp":"2021-06-09T02:39:38.765Z"}
{"message":"Code: 404, Message: Page Not Found, URL: /main.9016e208e2bfe478bdc5.hot-update.json, Method: GET","level":"error","timestamp":"2021-06-09T02:40:30.964Z"}
{"message":"Code: 404, Message: Page Not Found, URL: /main.82b50a224496f1e0c53e.hot-update.json, Method: GET","level":"error","timestamp":"2021-06-09T02:40:54.902Z"}
{"message":"Code: 404, Message: Page Not Found, URL: /main.3568106428391975ef44.hot-update.json, Method: GET","level":"error","timestamp":"2021-06-09T03:08:04.128Z"}
{"message":"Code: 404, Message: Page Not Found, URL: /favicon.ico, Method: GET","level":"error","timestamp":"2021-06-10T03:24:34.558Z"}
{"message":"Code: 404, Message: Page Not Found, URL: /main.2ba9f94b889bfd1e7119.hot-update.json, Method: GET","level":"error","timestamp":"2021-06-10T03:34:05.649Z"}
{"message":"Code: 404, Message: Page Not Found, URL: /main.a3b619aa1a431f2d4d8a.hot-update.json, Method: GET","level":"error","timestamp":"2021-06-11T00:55:29.535Z"}
{"message":"Code: 404, Message: Page Not Found, URL: /main.2417a4c35fd4115dc700.hot-update.json, Method: GET","level":"error","timestamp":"2021-06-11T02:24:47.818Z"}
{"message":"Code: 404, Message: Page Not Found, URL: /main.36e1d24402092f429887.hot-update.json, Method: GET","level":"error","timestamp":"2021-06-11T02:33:32.852Z"}
{"message":"Code: 404, Message: Page Not Found, URL: /jaja, Method: GET","level":"error","timestamp":"2021-06-11T03:14:24.145Z"}
{"message":"Code: 404, Message: Page Not Found, URL: /main.6692ed41e671493db926.hot-update.json, Method: GET","level":"error","timestamp":"2021-06-11T15:12:44.282Z"}
{"message":"Code: 404, Message: Page Not Found, URL: /main.62b9321784e9185a9af5.hot-update.json, Method: GET","level":"error","timestamp":"2021-06-11T15:12:53.520Z"}
{"message":"Code: 404, Message: Page Not Found, URL: /main.9b7d8c937d2aa342981b.hot-update.json, Method: GET","level":"error","timestamp":"2021-06-11T15:21:31.459Z"}
{"message":"Code: 404, Message: Page Not Found, URL: /main.a4489b6d46f239a6fe12.hot-update.json, Method: GET","level":"error","timestamp":"2021-06-11T15:22:38.438Z"}
{"message":"Code: 404, Message: Page Not Found, URL: /favicon.ico, Method: GET","level":"error","timestamp":"2021-06-15T00:49:29.170Z"}
{"message":"Code: 404, Message: Page Not Found, URL: /favicon.ico, Method: GET","level":"error","timestamp":"2021-06-16T01:57:40.517Z"}
{"message":"Code: 404, Message: Page Not Found, URL: /main.ad2f696eb60a0a33ae63.hot-update.json, Method: GET","level":"error","timestamp":"2021-06-16T02:11:57.176Z"}
{"message":"Code: 404, Message: Page Not Found, URL: /main.96a540acc2c888470864.hot-update.json, Method: GET","level":"error","timestamp":"2021-06-16T02:12:48.747Z"}
{"message":"Code: 404, Message: Page Not Found, URL: /main.3e211276bd8d6414253a.hot-update.json, Method: GET","level":"error","timestamp":"2021-06-16T02:14:19.104Z"}
{"message":"Code: 404, Message: Page Not Found, URL: /main.241f29fdf85824b8b8cf.hot-update.json, Method: GET","level":"error","timestamp":"2021-06-16T02:24:54.768Z"}
{"message":"Code: 404, Message: Page Not Found, URL: /favicon.ico, Method: GET","level":"error","timestamp":"2021-06-28T17:55:58.850Z"}
{"message":"Code: 404, Message: Page Not Found, URL: /main.dfe5c460af1c5a9cc8dd.hot-update.json, Method: GET","level":"error","timestamp":"2021-06-28T18:33:09.104Z"}
{"message":"Code: 404, Message: Page Not Found, URL: /main.3ada7a4d640b3055b2a3.hot-update.json, Method: GET","level":"error","timestamp":"2021-06-28T18:33:57.177Z"}
{"message":"Code: 404, Message: Page Not Found, URL: /about.hbs, Method: GET","level":"error","timestamp":"2021-06-28T18:36:23.245Z"}
{"message":"Code: 404, Message: Page Not Found, URL: /server/views/home/about.hbs, Method: GET","level":"error","timestamp":"2021-06-28T18:37:31.319Z"}
{"message":"Code: 404, Message: Page Not Found, URL: /server/views/home/about.hbs, Method: GET","level":"error","timestamp":"2021-06-28T22:23:44.834Z"}
{"message":"Code: 404, Message: Page Not Found, URL: /server/views/home/about.hbs, Method: GET","level":"error","timestamp":"2021-06-28T22:23:50.521Z"}
{"message":"Code: 404, Message: Page Not Found, URL: /server/views/home/about.hbs, Method: GET","level":"error","timestamp":"2021-06-28T22:28:31.040Z"}
{"message":"Code: 404, Message: Page Not Found, URL: /main.95fb99693e581675b464.hot-update.json, Method: GET","level":"error","timestamp":"2021-06-28T23:04:05.075Z"}
{"message":"Code: 404, Message: Page Not Found, URL: /server/views/home/cv.hbs, Method: GET","level":"error","timestamp":"2021-06-28T23:04:16.064Z"}
{"message":"Code: 404, Message: Page Not Found, URL: /CV, Method: GET","level":"error","timestamp":"2021-06-28T23:04:25.320Z"}
{"message":"Code: 404, Message: Page Not Found, URL: /CV, Method: GET","level":"error","timestamp":"2021-06-28T23:04:29.242Z"}
{"message":"Code: 404, Message: Page Not Found, URL: /server/views/home/cv.hbs, Method: GET","level":"error","timestamp":"2021-06-28T23:07:14.779Z"}
{"message":"Code: 404, Message: Page Not Found, URL: /server/views/home/cv.hbs, Method: GET","level":"error","timestamp":"2021-06-28T23:08:05.261Z"}
{"message":"Code: 404, Message: Page Not Found, URL: /server/views/home/CV.hbs, Method: GET","level":"error","timestamp":"2021-06-28T23:08:11.717Z"}
{"message":"Code: 404, Message: Page Not Found, URL: /server/views/home/cv.hbs, Method: GET","level":"error","timestamp":"2021-06-28T23:08:16.176Z"}
{"message":"Code: 404, Message: Page Not Found, URL: /main.e1c90748ba2a89bf177f.hot-update.json, Method: GET","level":"error","timestamp":"2021-06-28T23:11:52.059Z"}
{"message":"Code: 404, Message: Page Not Found, URL: /main.dd93bdacfc0f268720c1.hot-update.json, Method: GET","level":"error","timestamp":"2021-06-28T23:13:18.266Z"}
{"message":"Code: 404, Message: Page Not Found, URL: /13.jpg, Method: GET","level":"error","timestamp":"2021-06-28T23:41:29.435Z"}
{"message":"Code: 404, Message: Page Not Found, URL: /public/images/13.jpg, Method: GET","level":"error","timestamp":"2021-06-29T00:05:30.503Z"}
{"message":"Code: 404, Message: Page Not Found, URL: /13.jpg, Method: GET","level":"error","timestamp":"2021-06-29T00:05:30.550Z"}
{"message":"Code: 404, Message: Page Not Found, URL: /public/images/13.jpg, Method: GET","level":"error","timestamp":"2021-06-29T00:05:54.024Z"}
{"message":"Code: 404, Message: Page Not Found, URL: /images/sample-1.jpg, Method: GET","level":"error","timestamp":"2021-06-29T00:07:34.403Z"}
{"message":"Code: 404, Message: Page Not Found, URL: /public/images/13.jpg, Method: GET","level":"error","timestamp":"2021-06-29T00:07:34.409Z"}
{"message":"Code: 404, Message: Page Not Found, URL: /public/images/13.jpg, Method: GET","level":"error","timestamp":"2021-06-29T00:08:19.222Z"}
{"message":"Code: 404, Message: Page Not Found, URL: /images/sample-1.jpg, Method: GET","level":"error","timestamp":"2021-06-29T00:08:19.224Z"}
{"message":"Code: 404, Message: Page Not Found, URL: /images/sample-1.jpg, Method: GET","level":"error","timestamp":"2021-06-29T00:08:40.406Z"}
{"message":"Code: 404, Message: Page Not Found, URL: /public/images/13.jpg, Method: GET","level":"error","timestamp":"2021-06-29T00:08:40.414Z"}
{"message":"Code: 404, Message: Page Not Found, URL: /images/sample-1.jpg, Method: GET","level":"error","timestamp":"2021-06-29T00:08:58.137Z"}
{"message":"Code: 404, Message: Page Not Found, URL: /public/images/13.jpg, Method: GET","level":"error","timestamp":"2021-06-29T00:08:58.143Z"}
{"message":"Code: 404, Message: Page Not Found, URL: /public/images/13.jpg, Method: GET","level":"error","timestamp":"2021-06-29T00:10:21.756Z"}
{"message":"Code: 404, Message: Page Not Found, URL: /..., Method: GET","level":"error","timestamp":"2021-06-29T00:10:53.188Z"}
{"message":"Code: 404, Message: Page Not Found, URL: /public/images/13.jpg, Method: GET","level":"error","timestamp":"2021-06-29T00:10:53.197Z"}
{"message":"Code: 404, Message: Page Not Found, URL: /..., Method: GET","level":"error","timestamp":"2021-06-29T00:11:21.762Z"}
{"message":"Code: 404, Message: Page Not Found, URL: /public/images/13.jpg, Method: GET","level":"error","timestamp":"2021-06-29T00:11:21.768Z"}
{"message":"Code: 404, Message: Page Not Found, URL: /..., Method: GET","level":"error","timestamp":"2021-06-29T00:11:35.460Z"}
{"message":"Code: 404, Message: Page Not Found, URL: /public/images/13.jpg, Method: GET","level":"error","timestamp":"2021-06-29T00:12:02.959Z"}
{"message":"Code: 404, Message: Page Not Found, URL: /public/images/13.jpg, Method: GET","level":"error","timestamp":"2021-06-29T00:13:43.826Z"}
{"message":"Code: 404, Message: Page Not Found, URL: /public/images/13.jpg, Method: GET","level":"error","timestamp":"2021-06-29T00:13:45.408Z"}
{"message":"Code: 404, Message: Page Not Found, URL: /public/images/13.jpg, Method: GET","level":"error","timestamp":"2021-06-29T00:15:01.278Z"}
{"message":"Code: 404, Message: Page Not Found, URL: /public/images/13.jpg, Method: GET","level":"error","timestamp":"2021-06-29T00:15:27.981Z"}
{"message":"Code: 404, Message: Page Not Found, URL: /public/images/13.jpg, Method: GET","level":"error","timestamp":"2021-06-29T00:15:48.131Z"}
{"message":"Code: 404, Message: Page Not Found, URL: /public/images/13.jpg, Method: GET","level":"error","timestamp":"2021-06-29T00:16:32.068Z"}
{"message":"Code: 404, Message: Page Not Found, URL: /images/sample-1.jpg, Method: GET","level":"error","timestamp":"2021-06-29T00:16:32.082Z"}
{"message":"Code: 404, Message: Page Not Found, URL: /public/images/13.jpg, Method: GET","level":"error","timestamp":"2021-06-29T00:17:18.189Z"}
{"message":"Code: 404, Message: Page Not Found, URL: /public/images/13.jpg, Method: GET","level":"error","timestamp":"2021-06-29T00:17:27.980Z"}
{"message":"Code: 404, Message: Page Not Found, URL: /public/images/13.jpg, Method: GET","level":"error","timestamp":"2021-06-29T00:17:28.577Z"}
{"message":"Code: 404, Message: Page Not Found, URL: /public/images/13.jpg, Method: GET","level":"error","timestamp":"2021-06-29T00:17:37.151Z"}
{"message":"Code: 404, Message: Page Not Found, URL: /public/images/13.jpg, Method: GET","level":"error","timestamp":"2021-06-29T00:17:47.614Z"}
{"message":"Code: 404, Message: Page Not Found, URL: /public/images/13.jpg, Method: GET","level":"error","timestamp":"2021-06-29T00:18:01.683Z"}
{"message":"Code: 404, Message: Page Not Found, URL: /public/images/13.jpg, Method: GET","level":"error","timestamp":"2021-06-29T00:18:08.464Z"}
{"message":"Code: 404, Message: Page Not Found, URL: /public/images/13.jpg, Method: GET","level":"error","timestamp":"2021-06-29T00:18:16.548Z"}
{"message":"Code: 404, Message: Page Not Found, URL: /public/images/13.jpg, Method: GET","level":"error","timestamp":"2021-06-29T00:19:36.166Z"}
{"message":"Code: 404, Message: Page Not Found, URL: /..., Method: GET","level":"error","timestamp":"2021-06-29T00:19:36.189Z"}
{"message":"Code: 404, Message: Page Not Found, URL: /..., Method: GET","level":"error","timestamp":"2021-06-29T00:21:18.451Z"}
{"message":"Code: 404, Message: Page Not Found, URL: /public/images/13.jpg, Method: GET","level":"error","timestamp":"2021-06-29T00:21:18.453Z"}
{"message":"Code: 404, Message: Page Not Found, URL: /public/images/13.jpg, Method: GET","level":"error","timestamp":"2021-06-29T00:21:19.056Z"}
{"message":"Code: 404, Message: Page Not Found, URL: /..., Method: GET","level":"error","timestamp":"2021-06-29T00:21:19.076Z"}
{"message":"Code: 404, Message: Page Not Found, URL: /public/images/13.jpg, Method: GET","level":"error","timestamp":"2021-06-29T00:22:30.093Z"}
{"message":"Code: 404, Message: Page Not Found, URL: /..., Method: GET","level":"error","timestamp":"2021-06-29T00:22:30.105Z"}
{"message":"Code: 404, Message: Page Not Found, URL: /..., Method: GET","level":"error","timestamp":"2021-06-29T00:22:30.303Z"}
{"message":"Code: 404, Message: Page Not Found, URL: /public/images/13.jpg, Method: GET","level":"error","timestamp":"2021-06-29T00:23:01.508Z"}
{"message":"Code: 404, Message: Page Not Found, URL: /..., Method: GET","level":"error","timestamp":"2021-06-29T00:23:01.567Z"}
{"message":"Code: 404, Message: Page Not Found, URL: /public/images/13.jpg, Method: GET","level":"error","timestamp":"2021-06-29T00:23:08.298Z"}
{"message":"Code: 404, Message: Page Not Found, URL: /..., Method: GET","level":"error","timestamp":"2021-06-29T00:23:08.319Z"}
{"message":"Code: 404, Message: Page Not Found, URL: /..., Method: GET","level":"error","timestamp":"2021-06-29T00:23:48.058Z"}
{"message":"Code: 404, Message: Page Not Found, URL: /public/images/13.jpg, Method: GET","level":"error","timestamp":"2021-06-29T00:23:48.077Z"}
{"message":"Code: 404, Message: Page Not Found, URL: /public/images/13.jpg, Method: GET","level":"error","timestamp":"2021-06-29T00:24:13.904Z"}
{"message":"Code: 404, Message: Page Not Found, URL: /..., Method: GET","level":"error","timestamp":"2021-06-29T00:24:13.956Z"}
{"message":"Code: 404, Message: Page Not Found, URL: /public/images/13.jpg, Method: GET","level":"error","timestamp":"2021-06-29T00:24:53.067Z"}
{"message":"Code: 404, Message: Page Not Found, URL: /public/images/13.jpg, Method: GET","level":"error","timestamp":"2021-06-29T00:25:01.185Z"}
{"message":"Code: 404, Message: Page Not Found, URL: /public/images/13.jpg, Method: GET","level":"error","timestamp":"2021-06-29T00:25:16.529Z"}
{"message":"Code: 404, Message: Page Not Found, URL: /public/images/13.jpg, Method: GET","level":"error","timestamp":"2021-06-29T00:25:33.296Z"}
{"message":"Code: 404, Message: Page Not Found, URL: /public/images/13.jpg, Method: GET","level":"error","timestamp":"2021-06-29T00:25:43.839Z"}
{"message":"Code: 404, Message: Page Not Found, URL: /public/images/13.jpg, Method: GET","level":"error","timestamp":"2021-06-29T00:25:54.476Z"}
{"message":"Code: 404, Message: Page Not Found, URL: /public/images/13.jpg, Method: GET","level":"error","timestamp":"2021-06-29T00:26:03.929Z"}
{"message":"Code: 404, Message: Page Not Found, URL: /public/images/13.jpg, Method: GET","level":"error","timestamp":"2021-06-29T00:26:11.543Z"}
{"message":"Code: 404, Message: Page Not Found, URL: /public/images/13.jpg, Method: GET","level":"error","timestamp":"2021-06-29T00:26:19.724Z"}
{"message":"Code: 404, Message: Page Not Found, URL: /public/images/13.jpg, Method: GET","level":"error","timestamp":"2021-06-29T00:26:28.825Z"}
{"message":"Code: 404, Message: Page Not Found, URL: /public/images/13.jpg, Method: GET","level":"error","timestamp":"2021-06-29T00:26:39.220Z"}
{"message":"Code: 404, Message: Page Not Found, URL: /public/images/13.jpg, Method: GET","level":"error","timestamp":"2021-06-29T00:26:44.236Z"}
{"message":"Code: 404, Message: Page Not Found, URL: /public/images/13.jpg, Method: GET","level":"error","timestamp":"2021-06-29T00:26:57.304Z"}
{"message":"Code: 404, Message: Page Not Found, URL: /public/images/13.jpg, Method: GET","level":"error","timestamp":"2021-06-29T00:27:22.424Z"}
{"message":"Code: 404, Message: Page Not Found, URL: /13.jpg, Method: GET","level":"error","timestamp":"2021-06-29T00:27:31.347Z"}
{"message":"Code: 404, Message: Page Not Found, URL: /13.jpg, Method: GET","level":"error","timestamp":"2021-06-29T00:27:31.939Z"}
{"message":"Code: 404, Message: Page Not Found, URL: /public/images/13.jpg, Method: GET","level":"error","timestamp":"2021-06-29T01:13:18.446Z"}
{"message":"Code: 404, Message: Page Not Found, URL: /1.jpg, Method: GET","level":"error","timestamp":"2021-06-29T01:13:18.476Z"}
{"message":"Code: 404, Message: Page Not Found, URL: /3.jpg, Method: GET","level":"error","timestamp":"2021-06-29T01:13:18.507Z"}
{"message":"Code: 404, Message: Page Not Found, URL: /2.jpg, Method: GET","level":"error","timestamp":"2021-06-29T01:13:18.548Z"}
{"message":"Code: 404, Message: Page Not Found, URL: /public/images/13.jpg, Method: GET","level":"error","timestamp":"2021-06-29T01:13:53.933Z"}
{"message":"Code: 404, Message: Page Not Found, URL: /3.jpg, Method: GET","level":"error","timestamp":"2021-06-29T01:13:53.968Z"}
{"message":"Code: 404, Message: Page Not Found, URL: /2.jpg, Method: GET","level":"error","timestamp":"2021-06-29T01:13:53.984Z"}
{"message":"Code: 404, Message: Page Not Found, URL: /public/images/13.jpg, Method: GET","level":"error","timestamp":"2021-06-29T01:14:06.821Z"}
{"message":"Code: 404, Message: Page Not Found, URL: /3.jpg, Method: GET","level":"error","timestamp":"2021-06-29T01:14:06.837Z"}
{"message":"Code: 404, Message: Page Not Found, URL: /2.jpg, Method: GET","level":"error","timestamp":"2021-06-29T01:14:06.847Z"}
{"message":"Code: 404, Message: Page Not Found, URL: /public/images/13.jpg, Method: GET","level":"error","timestamp":"2021-06-29T01:14:19.030Z"}
{"message":"Code: 404, Message: Page Not Found, URL: /3.jpg, Method: GET","level":"error","timestamp":"2021-06-29T01:14:19.040Z"}
{"message":"Code: 404, Message: Page Not Found, URL: /2.jpg, Method: GET","level":"error","timestamp":"2021-06-29T01:14:19.055Z"}
{"message":"Code: 404, Message: Page Not Found, URL: /public/images/13.jpg, Method: GET","level":"error","timestamp":"2021-06-29T01:14:19.654Z"}
{"message":"Code: 404, Message: Page Not Found, URL: /3.jpg, Method: GET","level":"error","timestamp":"2021-06-29T01:14:19.685Z"}
{"message":"Code: 404, Message: Page Not Found, URL: /2.jpg, Method: GET","level":"error","timestamp":"2021-06-29T01:14:19.690Z"}
{"message":"Code: 404, Message: Page Not Found, URL: /3.jpg, Method: GET","level":"error","timestamp":"2021-06-29T01:14:46.846Z"}
{"message":"Code: 404, Message: Page Not Found, URL: /2.jpg, Method: GET","level":"error","timestamp":"2021-06-29T01:14:46.875Z"}
{"message":"Code: 404, Message: Page Not Found, URL: /public/images/13.jpg, Method: GET","level":"error","timestamp":"2021-06-29T01:14:52.493Z"}
{"message":"Code: 404, Message: Page Not Found, URL: /3.jpg, Method: GET","level":"error","timestamp":"2021-06-29T01:14:52.515Z"}
{"message":"Code: 404, Message: Page Not Found, URL: /2.jpg, Method: GET","level":"error","timestamp":"2021-06-29T01:14:52.526Z"}
{"message":"Code: 404, Message: Page Not Found, URL: /public/images/13.jpg, Method: GET","level":"error","timestamp":"2021-06-29T01:15:04.577Z"}
{"message":"Code: 404, Message: Page Not Found, URL: /3.jpg, Method: GET","level":"error","timestamp":"2021-06-29T01:15:04.597Z"}
{"message":"Code: 404, Message: Page Not Found, URL: /2.jpg, Method: GET","level":"error","timestamp":"2021-06-29T01:15:04.603Z"}
{"message":"Code: 404, Message: Page Not Found, URL: /public/images/13.jpg, Method: GET","level":"error","timestamp":"2021-06-29T01:15:36.142Z"}
{"message":"Code: 404, Message: Page Not Found, URL: /3.jpg, Method: GET","level":"error","timestamp":"2021-06-29T01:15:36.161Z"}
{"message":"Code: 404, Message: Page Not Found, URL: /2.jpg, Method: GET","level":"error","timestamp":"2021-06-29T01:15:36.167Z"}
{"message":"Code: 404, Message: Page Not Found, URL: /public/images/13.jpg, Method: GET","level":"error","timestamp":"2021-06-29T01:16:04.840Z"}
{"message":"Code: 404, Message: Page Not Found, URL: /3.jpg, Method: GET","level":"error","timestamp":"2021-06-29T01:16:04.893Z"}
{"message":"Code: 404, Message: Page Not Found, URL: /2.jpg, Method: GET","level":"error","timestamp":"2021-06-29T01:16:04.902Z"}
{"message":"Code: 404, Message: Page Not Found, URL: /public/images/13.jpg, Method: GET","level":"error","timestamp":"2021-06-29T01:16:44.642Z"}
{"message":"Code: 404, Message: Page Not Found, URL: /3.jpg, Method: GET","level":"error","timestamp":"2021-06-29T01:16:44.703Z"}
{"message":"Code: 404, Message: Page Not Found, URL: /2.jpg, Method: GET","level":"error","timestamp":"2021-06-29T01:16:44.711Z"}
{"message":"Code: 404, Message: Page Not Found, URL: /public/images/13.jpg, Method: GET","level":"error","timestamp":"2021-06-29T01:16:56.204Z"}
{"message":"Code: 404, Message: Page Not Found, URL: /3.jpg, Method: GET","level":"error","timestamp":"2021-06-29T01:16:56.224Z"}
{"message":"Code: 404, Message: Page Not Found, URL: /2.jpg, Method: GET","level":"error","timestamp":"2021-06-29T01:16:56.226Z"}
{"message":"Code: 404, Message: Page Not Found, URL: /public/images/13.jpg, Method: GET","level":"error","timestamp":"2021-06-29T01:17:12.875Z"}
{"message":"Code: 404, Message: Page Not Found, URL: /3.jpg, Method: GET","level":"error","timestamp":"2021-06-29T01:17:12.944Z"}
{"message":"Code: 404, Message: Page Not Found, URL: /2.jpg, Method: GET","level":"error","timestamp":"2021-06-29T01:17:12.950Z"}
{"message":"Code: 404, Message: Page Not Found, URL: /public/images/13.jpg, Method: GET","level":"error","timestamp":"2021-06-29T01:17:34.443Z"}
{"message":"Code: 404, Message: Page Not Found, URL: /3.jpg, Method: GET","level":"error","timestamp":"2021-06-29T01:17:34.459Z"}
{"message":"Code: 404, Message: Page Not Found, URL: /2.jpg, Method: GET","level":"error","timestamp":"2021-06-29T01:17:34.469Z"}
{"message":"Code: 404, Message: Page Not Found, URL: /public/images/13.jpg, Method: GET","level":"error","timestamp":"2021-06-29T01:17:50.608Z"}
{"message":"Code: 404, Message: Page Not Found, URL: /3.jpg, Method: GET","level":"error","timestamp":"2021-06-29T01:17:50.647Z"}
{"message":"Code: 404, Message: Page Not Found, URL: /2.jpg, Method: GET","level":"error","timestamp":"2021-06-29T01:17:50.652Z"}
{"message":"Code: 404, Message: Page Not Found, URL: /public/images/13.jpg, Method: GET","level":"error","timestamp":"2021-06-29T01:18:10.051Z"}
{"message":"Code: 404, Message: Page Not Found, URL: /3.jpg, Method: GET","level":"error","timestamp":"2021-06-29T01:18:10.073Z"}
{"message":"Code: 404, Message: Page Not Found, URL: /2.jpg, Method: GET","level":"error","timestamp":"2021-06-29T01:18:10.077Z"}
{"message":"Code: 404, Message: Page Not Found, URL: /public/images/13.jpg, Method: GET","level":"error","timestamp":"2021-06-29T01:18:22.112Z"}
{"message":"Code: 404, Message: Page Not Found, URL: /3.jpg, Method: GET","level":"error","timestamp":"2021-06-29T01:18:22.132Z"}
{"message":"Code: 404, Message: Page Not Found, URL: /2.jpg, Method: GET","level":"error","timestamp":"2021-06-29T01:18:22.138Z"}
{"message":"Code: 404, Message: Page Not Found, URL: /public/images/13.jpg, Method: GET","level":"error","timestamp":"2021-06-29T01:18:40.578Z"}
{"message":"Code: 404, Message: Page Not Found, URL: /3.jpg, Method: GET","level":"error","timestamp":"2021-06-29T01:18:40.596Z"}
{"message":"Code: 404, Message: Page Not Found, URL: /2.jpg, Method: GET","level":"error","timestamp":"2021-06-29T01:18:40.608Z"}
{"message":"Code: 404, Message: Page Not Found, URL: /public/images/13.jpg, Method: GET","level":"error","timestamp":"2021-06-29T01:19:33.984Z"}
{"message":"Code: 404, Message: Page Not Found, URL: /3.jpg, Method: GET","level":"error","timestamp":"2021-06-29T01:19:34.008Z"}
{"message":"Code: 404, Message: Page Not Found, URL: /2.jpg, Method: GET","level":"error","timestamp":"2021-06-29T01:19:34.018Z"}
{"message":"Code: 404, Message: Page Not Found, URL: /public/images/13.jpg, Method: GET","level":"error","timestamp":"2021-06-29T01:19:48.760Z"}
{"message":"Code: 404, Message: Page Not Found, URL: /3.jpg, Method: GET","level":"error","timestamp":"2021-06-29T01:19:48.785Z"}
{"message":"Code: 404, Message: Page Not Found, URL: /2.jpg, Method: GET","level":"error","timestamp":"2021-06-29T01:19:48.791Z"}
{"message":"Code: 404, Message: Page Not Found, URL: /public/images/13.jpg, Method: GET","level":"error","timestamp":"2021-06-29T01:19:49.516Z"}
{"message":"Code: 404, Message: Page Not Found, URL: /3.jpg, Method: GET","level":"error","timestamp":"2021-06-29T01:19:49.538Z"}
{"message":"Code: 404, Message: Page Not Found, URL: /2.jpg, Method: GET","level":"error","timestamp":"2021-06-29T01:19:49.544Z"}
{"message":"Code: 404, Message: Page Not Found, URL: /public/images/13.jpg, Method: GET","level":"error","timestamp":"2021-06-29T01:20:02.257Z"}
{"message":"Code: 404, Message: Page Not Found, URL: /3.jpg, Method: GET","level":"error","timestamp":"2021-06-29T01:20:02.277Z"}
{"message":"Code: 404, Message: Page Not Found, URL: /2.jpg, Method: GET","level":"error","timestamp":"2021-06-29T01:20:02.279Z"}
{"message":"Code: 404, Message: Page Not Found, URL: /public/images/13.jpg, Method: GET","level":"error","timestamp":"2021-06-29T01:20:16.572Z"}
{"message":"Code: 404, Message: Page Not Found, URL: /3.jpg, Method: GET","level":"error","timestamp":"2021-06-29T01:20:16.592Z"}
{"message":"Code: 404, Message: Page Not Found, URL: /2.jpg, Method: GET","level":"error","timestamp":"2021-06-29T01:20:16.597Z"}
{"message":"Code: 404, Message: Page Not Found, URL: /public/images/13.jpg, Method: GET","level":"error","timestamp":"2021-06-29T01:20:23.280Z"}
{"message":"Code: 404, Message: Page Not Found, URL: /3.jpg, Method: GET","level":"error","timestamp":"2021-06-29T01:20:23.298Z"}
{"message":"Code: 404, Message: Page Not Found, URL: /2.jpg, Method: GET","level":"error","timestamp":"2021-06-29T01:20:23.305Z"}
{"message":"Code: 404, Message: Page Not Found, URL: /public/images/13.jpg, Method: GET","level":"error","timestamp":"2021-06-29T01:20:31.697Z"}
{"message":"Code: 404, Message: Page Not Found, URL: /3.jpg, Method: GET","level":"error","timestamp":"2021-06-29T01:20:31.722Z"}
{"message":"Code: 404, Message: Page Not Found, URL: /2.jpg, Method: GET","level":"error","timestamp":"2021-06-29T01:20:31.727Z"}
{"message":"Code: 404, Message: Page Not Found, URL: /public/images/13.jpg, Method: GET","level":"error","timestamp":"2021-06-29T01:20:48.717Z"}
{"message":"Code: 404, Message: Page Not Found, URL: /3.jpg, Method: GET","level":"error","timestamp":"2021-06-29T01:20:48.740Z"}
{"message":"Code: 404, Message: Page Not Found, URL: /2.jpg, Method: GET","level":"error","timestamp":"2021-06-29T01:20:48.746Z"}
{"message":"Code: 404, Message: Page Not Found, URL: /public/images/13.jpg, Method: GET","level":"error","timestamp":"2021-06-29T01:20:58.685Z"}
{"message":"Code: 404, Message: Page Not Found, URL: /3.jpg, Method: GET","level":"error","timestamp":"2021-06-29T01:20:58.707Z"}
{"message":"Code: 404, Message: Page Not Found, URL: /2.jpg, Method: GET","level":"error","timestamp":"2021-06-29T01:20:58.719Z"}
{"message":"Code: 404, Message: Page Not Found, URL: /public/images/13.jpg, Method: GET","level":"error","timestamp":"2021-06-29T01:21:27.810Z"}
{"message":"Code: 404, Message: Page Not Found, URL: /3.jpg, Method: GET","level":"error","timestamp":"2021-06-29T01:21:27.831Z"}
{"message":"Code: 404, Message: Page Not Found, URL: /2.jpg, Method: GET","level":"error","timestamp":"2021-06-29T01:21:27.837Z"}
{"message":"Code: 404, Message: Page Not Found, URL: /public/images/13.jpg, Method: GET","level":"error","timestamp":"2021-06-29T01:21:46.217Z"}
{"message":"Code: 404, Message: Page Not Found, URL: /3.jpg, Method: GET","level":"error","timestamp":"2021-06-29T01:21:46.272Z"}
{"message":"Code: 404, Message: Page Not Found, URL: /2.jpg, Method: GET","level":"error","timestamp":"2021-06-29T01:21:46.284Z"}
{"message":"Code: 404, Message: Page Not Found, URL: /3.jpg, Method: GET","level":"error","timestamp":"2021-06-29T01:21:57.338Z"}
{"message":"Code: 404, Message: Page Not Found, URL: /2.jpg, Method: GET","level":"error","timestamp":"2021-06-29T01:21:57.365Z"}
{"message":"Code: 404, Message: Page Not Found, URL: /3.jpg, Method: GET","level":"error","timestamp":"2021-06-29T01:22:10.893Z"}
{"message":"Code: 404, Message: Page Not Found, URL: /2.jpg, Method: GET","level":"error","timestamp":"2021-06-29T01:22:10.908Z"}
{"message":"Code: 404, Message: Page Not Found, URL: /3.jpg, Method: GET","level":"error","timestamp":"2021-06-29T01:22:11.387Z"}
{"message":"Code: 404, Message: Page Not Found, URL: /2.jpg, Method: GET","level":"error","timestamp":"2021-06-29T01:22:11.408Z"}
{"message":"Code: 404, Message: Page Not Found, URL: /3.jpg, Method: GET","level":"error","timestamp":"2021-06-29T01:22:19.424Z"}
{"message":"Code: 404, Message: Page Not Found, URL: /2.jpg, Method: GET","level":"error","timestamp":"2021-06-29T01:22:19.442Z"}
{"message":"Code: 404, Message: Page Not Found, URL: /3.jpg, Method: GET","level":"error","timestamp":"2021-06-29T01:22:25.956Z"}
{"message":"Code: 404, Message: Page Not Found, URL: /2.jpg, Method: GET","level":"error","timestamp":"2021-06-29T01:22:25.975Z"}
{"message":"Code: 404, Message: Page Not Found, URL: /3.jpg, Method: GET","level":"error","timestamp":"2021-06-29T01:23:27.694Z"}
{"message":"Code: 404, Message: Page Not Found, URL: /2.jpg, Method: GET","level":"error","timestamp":"2021-06-29T01:23:27.714Z"}
{"message":"Code: 404, Message: Page Not Found, URL: /public/images/13.jpg, Method: GET","level":"error","timestamp":"2021-06-29T01:23:48.363Z"}
{"message":"Code: 404, Message: Page Not Found, URL: /3.jpg, Method: GET","level":"error","timestamp":"2021-06-29T01:23:48.386Z"}
{"message":"Code: 404, Message: Page Not Found, URL: /2.jpg, Method: GET","level":"error","timestamp":"2021-06-29T01:23:48.394Z"}
{"message":"Code: 404, Message: Page Not Found, URL: /public/images/13.jpg, Method: GET","level":"error","timestamp":"2021-06-29T01:24:12.627Z"}
{"message":"Code: 404, Message: Page Not Found, URL: /3.jpg, Method: GET","level":"error","timestamp":"2021-06-29T01:24:12.646Z"}
{"message":"Code: 404, Message: Page Not Found, URL: /2.jpg, Method: GET","level":"error","timestamp":"2021-06-29T01:24:12.653Z"}
{"message":"Code: 404, Message: Page Not Found, URL: /public/images/13.jpg, Method: GET","level":"error","timestamp":"2021-06-29T01:24:22.903Z"}
{"message":"Code: 404, Message: Page Not Found, URL: /3.jpg, Method: GET","level":"error","timestamp":"2021-06-29T01:24:22.924Z"}
{"message":"Code: 404, Message: Page Not Found, URL: /2.jpg, Method: GET","level":"error","timestamp":"2021-06-29T01:24:22.931Z"}
{"message":"Code: 404, Message: Page Not Found, URL: /public/images/13.jpg, Method: GET","level":"error","timestamp":"2021-06-29T01:24:35.777Z"}
{"message":"Code: 404, Message: Page Not Found, URL: /3.jpg, Method: GET","level":"error","timestamp":"2021-06-29T01:24:35.795Z"}
{"message":"Code: 404, Message: Page Not Found, URL: /2.jpg, Method: GET","level":"error","timestamp":"2021-06-29T01:24:35.800Z"}
{"message":"Code: 404, Message: Page Not Found, URL: /public/images/13.jpg, Method: GET","level":"error","timestamp":"2021-06-29T01:24:48.575Z"}
{"message":"Code: 404, Message: Page Not Found, URL: /3.jpg, Method: GET","level":"error","timestamp":"2021-06-29T01:24:48.591Z"}
{"message":"Code: 404, Message: Page Not Found, URL: /2.jpg, Method: GET","level":"error","timestamp":"2021-06-29T01:24:48.602Z"}
{"message":"Code: 404, Message: Page Not Found, URL: /public/images/13.jpg, Method: GET","level":"error","timestamp":"2021-06-29T01:24:50.156Z"}
{"message":"Code: 404, Message: Page Not Found, URL: /3.jpg, Method: GET","level":"error","timestamp":"2021-06-29T01:24:50.178Z"}
{"message":"Code: 404, Message: Page Not Found, URL: /2.jpg, Method: GET","level":"error","timestamp":"2021-06-29T01:24:50.196Z"}
{"message":"Code: 404, Message: Page Not Found, URL: /public/images/13.jpg, Method: GET","level":"error","timestamp":"2021-06-29T01:25:00.872Z"}
{"message":"Code: 404, Message: Page Not Found, URL: /3.jpg, Method: GET","level":"error","timestamp":"2021-06-29T01:25:00.890Z"}
{"message":"Code: 404, Message: Page Not Found, URL: /2.jpg, Method: GET","level":"error","timestamp":"2021-06-29T01:25:00.896Z"}
{"message":"Code: 404, Message: Page Not Found, URL: /public/images/13.jpg, Method: GET","level":"error","timestamp":"2021-06-29T01:25:13.016Z"}
{"message":"Code: 404, Message: Page Not Found, URL: /3.jpg, Method: GET","level":"error","timestamp":"2021-06-29T01:25:13.039Z"}
{"message":"Code: 404, Message: Page Not Found, URL: /2.jpg, Method: GET","level":"error","timestamp":"2021-06-29T01:25:13.044Z"}
{"message":"Code: 404, Message: Page Not Found, URL: /public/images/13.jpg, Method: GET","level":"error","timestamp":"2021-06-29T01:25:20.103Z"}
{"message":"Code: 404, Message: Page Not Found, URL: /3.jpg, Method: GET","level":"error","timestamp":"2021-06-29T01:25:20.134Z"}
{"message":"Code: 404, Message: Page Not Found, URL: /2.jpg, Method: GET","level":"error","timestamp":"2021-06-29T01:25:20.145Z"}
{"message":"Code: 404, Message: Page Not Found, URL: /public/images/13.jpg, Method: GET","level":"error","timestamp":"2021-06-29T01:25:30.701Z"}
{"message":"Code: 404, Message: Page Not Found, URL: /3.jpg, Method: GET","level":"error","timestamp":"2021-06-29T01:25:30.722Z"}
{"message":"Code: 404, Message: Page Not Found, URL: /2.jpg, Method: GET","level":"error","timestamp":"2021-06-29T01:25:30.727Z"}
{"message":"Code: 404, Message: Page Not Found, URL: /public/images/13.jpg, Method: GET","level":"error","timestamp":"2021-06-29T01:25:37.090Z"}
{"message":"Code: 404, Message: Page Not Found, URL: /3.jpg, Method: GET","level":"error","timestamp":"2021-06-29T01:25:37.111Z"}
{"message":"Code: 404, Message: Page Not Found, URL: /2.jpg, Method: GET","level":"error","timestamp":"2021-06-29T01:25:37.118Z"}
{"message":"Code: 404, Message: Page Not Found, URL: /public/images/13.jpg, Method: GET","level":"error","timestamp":"2021-06-29T01:25:53.244Z"}
{"message":"Code: 404, Message: Page Not Found, URL: /3.jpg, Method: GET","level":"error","timestamp":"2021-06-29T01:25:53.268Z"}
{"message":"Code: 404, Message: Page Not Found, URL: /2.jpg, Method: GET","level":"error","timestamp":"2021-06-29T01:25:53.283Z"}
{"message":"Code: 404, Message: Page Not Found, URL: /public/images/13.jpg, Method: GET","level":"error","timestamp":"2021-06-29T01:26:03.003Z"}
{"message":"Code: 404, Message: Page Not Found, URL: /3.jpg, Method: GET","level":"error","timestamp":"2021-06-29T01:26:03.025Z"}
{"message":"Code: 404, Message: Page Not Found, URL: /2.jpg, Method: GET","level":"error","timestamp":"2021-06-29T01:26:03.029Z"}
{"message":"Code: 404, Message: Page Not Found, URL: /public/images/13.jpg, Method: GET","level":"error","timestamp":"2021-06-29T01:26:10.473Z"}
{"message":"Code: 404, Message: Page Not Found, URL: /3.jpg, Method: GET","level":"error","timestamp":"2021-06-29T01:26:10.491Z"}
{"message":"Code: 404, Message: Page Not Found, URL: /2.jpg, Method: GET","level":"error","timestamp":"2021-06-29T01:26:10.498Z"}
{"message":"Code: 404, Message: Page Not Found, URL: /3.jpg, Method: GET","level":"error","timestamp":"2021-06-29T01:26:28.798Z"}
{"message":"Code: 404, Message: Page Not Found, URL: /2.jpg, Method: GET","level":"error","timestamp":"2021-06-29T01:26:28.818Z"}
{"message":"Code: 404, Message: Page Not Found, URL: /3.jpg, Method: GET","level":"error","timestamp":"2021-06-29T01:26:46.454Z"}
{"message":"Code: 404, Message: Page Not Found, URL: /2.jpg, Method: GET","level":"error","timestamp":"2021-06-29T01:26:46.471Z"}
{"message":"Code: 404, Message: Page Not Found, URL: /3.jpg, Method: GET","level":"error","timestamp":"2021-06-29T01:26:54.920Z"}
{"message":"Code: 404, Message: Page Not Found, URL: /2.jpg, Method: GET","level":"error","timestamp":"2021-06-29T01:26:54.938Z"}
{"message":"Code: 404, Message: Page Not Found, URL: /public/images/13.jpg, Method: GET","level":"error","timestamp":"2021-06-29T01:27:07.567Z"}
{"message":"Code: 404, Message: Page Not Found, URL: /3.jpg, Method: GET","level":"error","timestamp":"2021-06-29T01:27:07.583Z"}
{"message":"Code: 404, Message: Page Not Found, URL: /2.jpg, Method: GET","level":"error","timestamp":"2021-06-29T01:27:07.605Z"}
{"message":"Code: 404, Message: Page Not Found, URL: /public/images/13.jpg, Method: GET","level":"error","timestamp":"2021-06-29T01:28:15.428Z"}
{"message":"Code: 404, Message: Page Not Found, URL: /3.jpg, Method: GET","level":"error","timestamp":"2021-06-29T01:28:15.451Z"}
{"message":"Code: 404, Message: Page Not Found, URL: /2.jpg, Method: GET","level":"error","timestamp":"2021-06-29T01:28:15.457Z"}
{"message":"Code: 404, Message: Page Not Found, URL: /public/images/13.jpg, Method: GET","level":"error","timestamp":"2021-06-29T01:28:23.559Z"}
{"message":"Code: 404, Message: Page Not Found, URL: /3.jpg, Method: GET","level":"error","timestamp":"2021-06-29T01:28:23.573Z"}
{"message":"Code: 404, Message: Page Not Found, URL: /2.jpg, Method: GET","level":"error","timestamp":"2021-06-29T01:28:23.580Z"}
{"message":"Code: 404, Message: Page Not Found, URL: /public/images/13.jpg, Method: GET","level":"error","timestamp":"2021-06-29T01:30:22.617Z"}
{"message":"Code: 404, Message: Page Not Found, URL: /public/images/13.jpg, Method: GET","level":"error","timestamp":"2021-06-29T01:30:57.807Z"}
{"message":"Code: 404, Message: Page Not Found, URL: /public/images/13.jpg, Method: GET","level":"error","timestamp":"2021-06-29T01:31:27.415Z"}
{"message":"Code: 404, Message: Page Not Found, URL: /public/images/13.jpg, Method: GET","level":"error","timestamp":"2021-06-29T01:32:03.816Z"}
{"message":"Code: 404, Message: Page Not Found, URL: /public/images/13.jpg, Method: GET","level":"error","timestamp":"2021-06-29T01:32:28.390Z"}
{"message":"Code: 404, Message: Page Not Found, URL: /public/images/13.jpg, Method: GET","level":"error","timestamp":"2021-06-29T01:33:04.217Z"}
{"message":"Code: 404, Message: Page Not Found, URL: /public/images/13.jpg, Method: GET","level":"error","timestamp":"2021-06-29T01:33:14.245Z"}
{"message":"Code: 404, Message: Page Not Found, URL: /public/images/13.jpg, Method: GET","level":"error","timestamp":"2021-06-29T01:33:20.090Z"}
{"message":"Code: 404, Message: Page Not Found, URL: /public/images/13.jpg, Method: GET","level":"error","timestamp":"2021-06-29T01:33:25.962Z"}
{"message":"Code: 404, Message: Page Not Found, URL: /public/images/13.jpg, Method: GET","level":"error","timestamp":"2021-06-29T01:33:33.050Z"}
{"message":"Code: 404, Message: Page Not Found, URL: /public/images/13.jpg, Method: GET","level":"error","timestamp":"2021-06-29T01:33:43.927Z"}
{"message":"Code: 404, Message: Page Not Found, URL: /public/images/13.jpg, Method: GET","level":"error","timestamp":"2021-06-29T01:34:05.137Z"}
{"message":"Code: 404, Message: Page Not Found, URL: /public/images/13.jpg, Method: GET","level":"error","timestamp":"2021-06-29T01:34:20.679Z"}
{"message":"Code: 404, Message: Page Not Found, URL: /..., Method: GET","level":"error","timestamp":"2021-06-29T01:37:32.234Z"}
{"message":"Code: 404, Message: Page Not Found, URL: /3.jpg, Method: GET","level":"error","timestamp":"2021-06-29T01:40:54.389Z"}
{"message":"Code: 404, Message: Page Not Found, URL: /2.jpg, Method: GET","level":"error","timestamp":"2021-06-29T01:40:54.409Z"}
{"message":"Code: 404, Message: Page Not Found, URL: /3.jpg, Method: GET","level":"error","timestamp":"2021-06-29T01:41:39.369Z"}
{"message":"Code: 404, Message: Page Not Found, URL: /2.jpg, Method: GET","level":"error","timestamp":"2021-06-29T01:41:39.386Z"}
{"message":"Code: 404, Message: Page Not Found, URL: /3.jpg, Method: GET","level":"error","timestamp":"2021-06-29T01:41:53.029Z"}
{"message":"Code: 404, Message: Page Not Found, URL: /2.jpg, Method: GET","level":"error","timestamp":"2021-06-29T01:41:53.043Z"}
{"message":"Code: 404, Message: Page Not Found, URL: /3.jpg, Method: GET","level":"error","timestamp":"2021-06-29T01:42:09.341Z"}
{"message":"Code: 404, Message: Page Not Found, URL: /2.jpg, Method: GET","level":"error","timestamp":"2021-06-29T01:42:09.354Z"}
{"message":"Code: 404, Message: Page Not Found, URL: /3.jpg, Method: GET","level":"error","timestamp":"2021-06-29T01:42:19.560Z"}
{"message":"Code: 404, Message: Page Not Found, URL: /2.jpg, Method: GET","level":"error","timestamp":"2021-06-29T01:42:19.578Z"}
{"message":"Code: 404, Message: Page Not Found, URL: /3.jpg, Method: GET","level":"error","timestamp":"2021-06-29T01:42:33.898Z"}
{"message":"Code: 404, Message: Page Not Found, URL: /2.jpg, Method: GET","level":"error","timestamp":"2021-06-29T01:42:33.918Z"}
{"message":"Code: 404, Message: Page Not Found, URL: /public/images/13.jpg, Method: GET","level":"error","timestamp":"2021-06-29T01:42:48.022Z"}
{"message":"Code: 404, Message: Page Not Found, URL: /3.jpg, Method: GET","level":"error","timestamp":"2021-06-29T01:42:48.044Z"}
{"message":"Code: 404, Message: Page Not Found, URL: /2.jpg, Method: GET","level":"error","timestamp":"2021-06-29T01:42:48.055Z"}
{"message":"Code: 404, Message: Page Not Found, URL: /public/images/13.jpg, Method: GET","level":"error","timestamp":"2021-06-29T01:43:06.155Z"}
{"message":"Code: 404, Message: Page Not Found, URL: /3.jpg, Method: GET","level":"error","timestamp":"2021-06-29T01:43:06.173Z"}
{"message":"Code: 404, Message: Page Not Found, URL: /2.jpg, Method: GET","level":"error","timestamp":"2021-06-29T01:43:06.178Z"}
{"message":"Code: 404, Message: Page Not Found, URL: /public/images/13.jpg, Method: GET","level":"error","timestamp":"2021-06-29T01:43:16.284Z"}
{"message":"Code: 404, Message: Page Not Found, URL: /3.jpg, Method: GET","level":"error","timestamp":"2021-06-29T01:43:16.308Z"}
{"message":"Code: 404, Message: Page Not Found, URL: /2.jpg, Method: GET","level":"error","timestamp":"2021-06-29T01:43:16.313Z"}
{"message":"Code: 404, Message: Page Not Found, URL: /public/images/13.jpg, Method: GET","level":"error","timestamp":"2021-06-29T01:43:31.243Z"}
{"message":"Code: 404, Message: Page Not Found, URL: /3.jpg, Method: GET","level":"error","timestamp":"2021-06-29T01:43:31.262Z"}
{"message":"Code: 404, Message: Page Not Found, URL: /2.jpg, Method: GET","level":"error","timestamp":"2021-06-29T01:43:31.269Z"}
{"message":"Code: 404, Message: Page Not Found, URL: /public/images/13.jpg, Method: GET","level":"error","timestamp":"2021-06-29T01:43:48.239Z"}
{"message":"Code: 404, Message: Page Not Found, URL: /3.jpg, Method: GET","level":"error","timestamp":"2021-06-29T01:43:48.259Z"}
{"message":"Code: 404, Message: Page Not Found, URL: /2.jpg, Method: GET","level":"error","timestamp":"2021-06-29T01:43:48.264Z"}
{"message":"Code: 404, Message: Page Not Found, URL: /public/images/13.jpg, Method: GET","level":"error","timestamp":"2021-06-29T01:44:07.631Z"}
{"message":"Code: 404, Message: Page Not Found, URL: /3.jpg, Method: GET","level":"error","timestamp":"2021-06-29T01:44:07.658Z"}
{"message":"Code: 404, Message: Page Not Found, URL: /2.jpg, Method: GET","level":"error","timestamp":"2021-06-29T01:44:07.659Z"}
{"message":"Code: 404, Message: Page Not Found, URL: /public/images/13.jpg, Method: GET","level":"error","timestamp":"2021-06-29T01:44:22.005Z"}
{"message":"Code: 404, Message: Page Not Found, URL: /3.jpg, Method: GET","level":"error","timestamp":"2021-06-29T01:44:22.026Z"}
{"message":"Code: 404, Message: Page Not Found, URL: /2.jpg, Method: GET","level":"error","timestamp":"2021-06-29T01:44:22.031Z"}
{"message":"Code: 404, Message: Page Not Found, URL: /public/images/13.jpg, Method: GET","level":"error","timestamp":"2021-06-29T01:45:11.048Z"}
{"message":"Code: 404, Message: Page Not Found, URL: /3.jpg, Method: GET","level":"error","timestamp":"2021-06-29T01:45:11.067Z"}
{"message":"Code: 404, Message: Page Not Found, URL: /2.jpg, Method: GET","level":"error","timestamp":"2021-06-29T01:45:11.074Z"}
{"message":"Code: 404, Message: Page Not Found, URL: /public/images/13.jpg, Method: GET","level":"error","timestamp":"2021-06-29T01:45:35.938Z"}
{"message":"Code: 404, Message: Page Not Found, URL: /3.jpg, Method: GET","level":"error","timestamp":"2021-06-29T01:45:35.958Z"}
{"message":"Code: 404, Message: Page Not Found, URL: /2.jpg, Method: GET","level":"error","timestamp":"2021-06-29T01:45:35.964Z"}
{"message":"Code: 404, Message: Page Not Found, URL: /public/images/13.jpg, Method: GET","level":"error","timestamp":"2021-06-29T01:45:53.648Z"}
{"message":"Code: 404, Message: Page Not Found, URL: /public/images/13.jpg, Method: GET","level":"error","timestamp":"2021-06-29T01:46:30.051Z"}
{"message":"Code: 404, Message: Page Not Found, URL: /public/images/13.jpg, Method: GET","level":"error","timestamp":"2021-06-29T01:46:56.924Z"}
{"message":"Code: 404, Message: Page Not Found, URL: /public/images/13.jpg, Method: GET","level":"error","timestamp":"2021-06-29T01:46:58.217Z"}
{"message":"Code: 404, Message: Page Not Found, URL: /public/images/13.jpg, Method: GET","level":"error","timestamp":"2021-06-29T01:47:20.342Z"}
{"message":"Code: 404, Message: Page Not Found, URL: /public/images/13.jpg, Method: GET","level":"error","timestamp":"2021-06-29T01:47:38.569Z"}
{"message":"Code: 404, Message: Page Not Found, URL: /public/images/13.jpg, Method: GET","level":"error","timestamp":"2021-06-29T01:47:57.785Z"}
{"message":"Code: 404, Message: Page Not Found, URL: /public/images/13.jpg, Method: GET","level":"error","timestamp":"2021-06-29T01:48:33.682Z"}
{"message":"Code: 404, Message: Page Not Found, URL: /public/images/13.jpg, Method: GET","level":"error","timestamp":"2021-06-29T01:48:48.630Z"}
{"message":"Code: 404, Message: Page Not Found, URL: /public/images/13.jpg, Method: GET","level":"error","timestamp":"2021-06-29T01:49:31.096Z"}
{"message":"Code: 404, Message: Page Not Found, URL: /public/images/13.jpg, Method: GET","level":"error","timestamp":"2021-06-29T01:50:13.891Z"}
{"message":"Code: 404, Message: Page Not Found, URL: /public/images/13.jpg, Method: GET","level":"error","timestamp":"2021-06-29T01:50:34.062Z"}
{"message":"Code: 404, Message: Page Not Found, URL: /public/images/13.jpg, Method: GET","level":"error","timestamp":"2021-06-29T01:50:54.741Z"}
{"message":"Code: 404, Message: Page Not Found, URL: /public/images/13.jpg, Method: GET","level":"error","timestamp":"2021-06-29T01:51:17.083Z"}
{"message":"Code: 404, Message: Page Not Found, URL: /public/images/13.jpg, Method: GET","level":"error","timestamp":"2021-06-29T01:51:53.343Z"}
{"message":"Code: 404, Message: Page Not Found, URL: /public/images/13.jpg, Method: GET","level":"error","timestamp":"2021-06-29T01:52:48.283Z"}
{"message":"Code: 404, Message: Page Not Found, URL: /public/images/13.jpg, Method: GET","level":"error","timestamp":"2021-06-29T01:52:49.850Z"}
{"message":"Code: 404, Message: Page Not Found, URL: /public/images/13.jpg, Method: GET","level":"error","timestamp":"2021-06-29T01:53:02.498Z"}
{"message":"Code: 404, Message: Page Not Found, URL: /public/images/13.jpg, Method: GET","level":"error","timestamp":"2021-06-29T01:53:31.677Z"}
{"message":"Code: 404, Message: Page Not Found, URL: /public/images/13.jpg, Method: GET","level":"error","timestamp":"2021-06-29T01:53:40.447Z"}
{"message":"Code: 404, Message: Page Not Found, URL: /public/images/13.jpg, Method: GET","level":"error","timestamp":"2021-06-29T01:57:07.811Z"}
{"message":"Code: 404, Message: Page Not Found, URL: /public/images/13.jpg, Method: GET","level":"error","timestamp":"2021-06-29T01:57:54.646Z"}
{"message":"Code: 404, Message: Page Not Found, URL: /public/images/13.jpg, Method: GET","level":"error","timestamp":"2021-06-29T01:58:03.754Z"}
{"message":"Code: 404, Message: Page Not Found, URL: /public/images/13.jpg, Method: GET","level":"error","timestamp":"2021-06-29T01:58:12.089Z"}
{"message":"Code: 404, Message: Page Not Found, URL: /public/images/13.jpg, Method: GET","level":"error","timestamp":"2021-06-29T01:58:43.171Z"}
{"message":"Code: 404, Message: Page Not Found, URL: /public/images/13.jpg, Method: GET","level":"error","timestamp":"2021-06-29T01:59:28.010Z"}
{"message":"Code: 404, Message: Page Not Found, URL: /public/images/13.jpg, Method: GET","level":"error","timestamp":"2021-06-29T02:00:37.208Z"}
{"message":"Code: 404, Message: Page Not Found, URL: /public/images/13.jpg, Method: GET","level":"error","timestamp":"2021-06-29T02:01:00.758Z"}
{"message":"Code: 404, Message: Page Not Found, URL: /public/images/13.jpg, Method: GET","level":"error","timestamp":"2021-06-29T02:01:26.929Z"}
{"message":"Code: 404, Message: Page Not Found, URL: /public/images/13.jpg, Method: GET","level":"error","timestamp":"2021-06-29T02:01:43.287Z"}
{"message":"Code: 404, Message: Page Not Found, URL: /public/images/13.jpg, Method: GET","level":"error","timestamp":"2021-06-29T02:02:10.631Z"}
{"message":"Code: 404, Message: Page Not Found, URL: /public/images/13.jpg, Method: GET","level":"error","timestamp":"2021-06-29T02:04:07.944Z"}
{"message":"Code: 404, Message: Page Not Found, URL: /public/images/13.jpg, Method: GET","level":"error","timestamp":"2021-06-29T02:04:18.720Z"}
{"message":"Code: 404, Message: Page Not Found, URL: /public/images/13.jpg, Method: GET","level":"error","timestamp":"2021-06-29T02:04:46.339Z"}
{"message":"Code: 404, Message: Page Not Found, URL: /public/images/13.jpg, Method: GET","level":"error","timestamp":"2021-06-29T02:05:17.919Z"}
{"message":"Code: 404, Message: Page Not Found, URL: /public/images/13.jpg, Method: GET","level":"error","timestamp":"2021-06-29T02:05:24.782Z"}
{"message":"Code: 404, Message: Page Not Found, URL: /public/images/13.jpg, Method: GET","level":"error","timestamp":"2021-06-29T02:05:34.370Z"}
{"message":"Code: 404, Message: Page Not Found, URL: /public/images/13.jpg, Method: GET","level":"error","timestamp":"2021-06-29T02:05:48.671Z"}
{"message":"Code: 404, Message: Page Not Found, URL: /public/images/13.jpg, Method: GET","level":"error","timestamp":"2021-06-29T02:06:20.023Z"}
{"message":"Code: 404, Message: Page Not Found, URL: /public/images/13.jpg, Method: GET","level":"error","timestamp":"2021-06-29T02:06:54.747Z"}
{"message":"Code: 404, Message: Page Not Found, URL: /public/images/13.jpg, Method: GET","level":"error","timestamp":"2021-06-29T02:07:06.774Z"}
{"message":"Code: 404, Message: Page Not Found, URL: /public/images/13.jpg, Method: GET","level":"error","timestamp":"2021-06-29T02:07:59.739Z"}
{"message":"Code: 404, Message: Page Not Found, URL: /public/images/13.jpg, Method: GET","level":"error","timestamp":"2021-06-29T02:08:00.481Z"}
{"message":"Code: 404, Message: Page Not Found, URL: /public/images/13.jpg, Method: GET","level":"error","timestamp":"2021-06-29T02:08:16.791Z"}
{"message":"Code: 404, Message: Page Not Found, URL: /public/images/13.jpg, Method: GET","level":"error","timestamp":"2021-06-29T02:08:33.544Z"}
{"message":"Code: 404, Message: Page Not Found, URL: /public/images/13.jpg, Method: GET","level":"error","timestamp":"2021-06-29T02:10:31.349Z"}
{"message":"Code: 404, Message: Page Not Found, URL: /public/images/13.jpg, Method: GET","level":"error","timestamp":"2021-06-29T02:10:43.448Z"}
{"message":"Code: 404, Message: Page Not Found, URL: /public/images/13.jpg, Method: GET","level":"error","timestamp":"2021-06-29T02:10:58.311Z"}
{"message":"Code: 404, Message: Page Not Found, URL: /public/images/13.jpg, Method: GET","level":"error","timestamp":"2021-06-29T02:12:09.013Z"}
{"message":"Code: 404, Message: Page Not Found, URL: /public/images/13.jpg, Method: GET","level":"error","timestamp":"2021-06-29T02:13:04.540Z"}
{"message":"Code: 404, Message: Page Not Found, URL: /public/images/13.jpg, Method: GET","level":"error","timestamp":"2021-06-29T02:14:13.638Z"}
{"message":"Code: 404, Message: Page Not Found, URL: /public/images/13.jpg, Method: GET","level":"error","timestamp":"2021-06-29T02:14:48.499Z"}
{"message":"Code: 404, Message: Page Not Found, URL: /public/images/13.jpg, Method: GET","level":"error","timestamp":"2021-06-29T02:15:30.082Z"}
{"message":"Code: 404, Message: Page Not Found, URL: /public/images/13.jpg, Method: GET","level":"error","timestamp":"2021-06-29T02:16:09.757Z"}
{"message":"Code: 404, Message: Page Not Found, URL: /public/images/13.jpg, Method: GET","level":"error","timestamp":"2021-06-29T02:16:53.314Z"}
{"message":"Code: 404, Message: Page Not Found, URL: /public/images/13.jpg, Method: GET","level":"error","timestamp":"2021-06-29T02:17:36.262Z"}
{"message":"Code: 404, Message: Page Not Found, URL: /public/images/13.jpg, Method: GET","level":"error","timestamp":"2021-06-29T02:18:33.370Z"}
{"message":"Code: 404, Message: Page Not Found, URL: /public/images/13.jpg, Method: GET","level":"error","timestamp":"2021-06-29T02:21:42.896Z"}
{"message":"Code: 404, Message: Page Not Found, URL: /public/images/13.jpg, Method: GET","level":"error","timestamp":"2021-06-29T02:22:15.900Z"}
{"message":"Code: 404, Message: Page Not Found, URL: /public/images/13.jpg, Method: GET","level":"error","timestamp":"2021-06-29T02:22:59.991Z"}
{"message":"Code: 404, Message: Page Not Found, URL: /public/images/13.jpg, Method: GET","level":"error","timestamp":"2021-06-29T02:23:26.995Z"}
{"message":"Code: 404, Message: Page Not Found, URL: /public/images/13.jpg, Method: GET","level":"error","timestamp":"2021-06-29T02:25:21.821Z"}
{"message":"Code: 404, Message: Page Not Found, URL: /public/images/13.jpg, Method: GET","level":"error","timestamp":"2021-06-29T02:25:43.135Z"}
{"message":"Code: 404, Message: Page Not Found, URL: /public/images/13.jpg, Method: GET","level":"error","timestamp":"2021-06-29T02:26:35.828Z"}
{"message":"Code: 404, Message: Page Not Found, URL: /public/images/13.jpg, Method: GET","level":"error","timestamp":"2021-06-29T02:27:00.167Z"}
{"message":"Code: 404, Message: Page Not Found, URL: /public/images/13.jpg, Method: GET","level":"error","timestamp":"2021-06-29T02:27:42.917Z"}
{"message":"Code: 404, Message: Page Not Found, URL: /public/images/13.jpg, Method: GET","level":"error","timestamp":"2021-06-29T02:28:09.279Z"}
{"message":"Code: 404, Message: Page Not Found, URL: /public/images/13.jpg, Method: GET","level":"error","timestamp":"2021-06-29T02:28:22.281Z"}
{"message":"Code: 404, Message: Page Not Found, URL: /public/images/13.jpg, Method: GET","level":"error","timestamp":"2021-06-29T02:28:30.222Z"}
{"message":"Code: 404, Message: Page Not Found, URL: /public/images/13.jpg, Method: GET","level":"error","timestamp":"2021-06-29T02:28:40.061Z"}
{"message":"Code: 404, Message: Page Not Found, URL: /public/images/13.jpg, Method: GET","level":"error","timestamp":"2021-06-29T02:28:48.504Z"}
{"message":"Code: 404, Message: Page Not Found, URL: /public/images/13.jpg, Method: GET","level":"error","timestamp":"2021-06-29T02:29:14.001Z"}
{"message":"Code: 404, Message: Page Not Found, URL: /public/images/13.jpg, Method: GET","level":"error","timestamp":"2021-06-29T02:29:27.560Z"}
{"message":"Code: 404, Message: Page Not Found, URL: /public/images/13.jpg, Method: GET","level":"error","timestamp":"2021-06-29T02:29:37.716Z"}
{"message":"Code: 404, Message: Page Not Found, URL: /public/images/13.jpg, Method: GET","level":"error","timestamp":"2021-06-29T02:30:15.597Z"}
{"message":"Code: 404, Message: Page Not Found, URL: /public/images/13.jpg, Method: GET","level":"error","timestamp":"2021-06-29T02:30:28.457Z"}
{"message":"Code: 404, Message: Page Not Found, URL: /public/images/13.jpg, Method: GET","level":"error","timestamp":"2021-06-29T02:30:42.933Z"}
{"message":"Code: 404, Message: Page Not Found, URL: /public/images/13.jpg, Method: GET","level":"error","timestamp":"2021-06-29T02:30:57.011Z"}
{"message":"Code: 404, Message: Page Not Found, URL: /public/images/13.jpg, Method: GET","level":"error","timestamp":"2021-06-29T02:31:35.846Z"}
{"message":"Code: 404, Message: Page Not Found, URL: /public/images/13.jpg, Method: GET","level":"error","timestamp":"2021-06-29T02:31:49.600Z"}
{"message":"Code: 404, Message: Page Not Found, URL: /public/images/13.jpg, Method: GET","level":"error","timestamp":"2021-06-29T02:32:07.047Z"}
{"message":"Code: 404, Message: Page Not Found, URL: /public/images/13.jpg, Method: GET","level":"error","timestamp":"2021-06-29T02:32:07.707Z"}
{"message":"Code: 404, Message: Page Not Found, URL: /public/images/13.jpg, Method: GET","level":"error","timestamp":"2021-06-29T02:32:22.516Z"}
{"message":"Code: 404, Message: Page Not Found, URL: /favicon.ico, Method: GET","level":"error","timestamp":"2021-07-03T22:21:09.899Z"}
{"message":"Code: 404, Message: Page Not Found, URL: /public/images/13.jpg, Method: GET","level":"error","timestamp":"2021-07-03T22:21:54.457Z"}
{"message":"Code: 404, Message: Page Not Found, URL: /server/views/home/CV.hbs, Method: GET","level":"error","timestamp":"2021-07-03T23:05:06.001Z"}
{"message":"Code: 404, Message: Page Not Found, URL: /public/images/13.jpg, Method: GET","level":"error","timestamp":"2021-07-03T23:05:17.763Z"}
{"message":"Code: 404, Message: Page Not Found, URL: /server/views/home/CV.hbs, Method: GET","level":"error","timestamp":"2021-07-04T00:09:22.095Z"}
{"message":"Code: 404, Message: Page Not Found, URL: /public/images/13.jpg, Method: GET","level":"error","timestamp":"2021-07-04T00:31:39.641Z"}
{"message":"Code: 404, Message: Page Not Found, URL: /public/images/13.jpg, Method: GET","level":"error","timestamp":"2021-07-04T00:33:20.232Z"}
{"message":"Code: 404, Message: Page Not Found, URL: /public/images/13.jpg, Method: GET","level":"error","timestamp":"2021-07-04T00:34:11.818Z"}
{"message":"Code: 404, Message: Page Not Found, URL: /public/images/13.jpg, Method: GET","level":"error","timestamp":"2021-07-04T00:34:17.936Z"}
{"message":"Code: 404, Message: Page Not Found, URL: /public/images/13.jpg, Method: GET","level":"error","timestamp":"2021-07-04T00:34:18.624Z"}
{"message":"Code: 404, Message: Page Not Found, URL: /public/images/13.jpg, Method: GET","level":"error","timestamp":"2021-07-04T00:35:58.685Z"}
{"message":"Code: 404, Message: Page Not Found, URL: /public/images/13.jpg, Method: GET","level":"error","timestamp":"2021-07-04T00:36:21.506Z"}
{"message":"Code: 404, Message: Page Not Found, URL: /public/images/13.jpg, Method: GET","level":"error","timestamp":"2021-07-04T00:36:22.762Z"}
{"message":"Code: 404, Message: Page Not Found, URL: /public/images/13.jpg, Method: GET","level":"error","timestamp":"2021-07-04T00:36:36.092Z"}
{"message":"Code: 404, Message: Page Not Found, URL: /public/images/13.jpg, Method: GET","level":"error","timestamp":"2021-07-04T00:36:43.691Z"}
{"message":"Code: 404, Message: Page Not Found, URL: /public/images/13.jpg, Method: GET","level":"error","timestamp":"2021-07-04T00:36:53.319Z"}
{"message":"Code: 404, Message: Page Not Found, URL: /public/images/13.jpg, Method: GET","level":"error","timestamp":"2021-07-04T00:37:07.218Z"}
{"message":"Code: 404, Message: Page Not Found, URL: /public/images/13.jpg, Method: GET","level":"error","timestamp":"2021-07-04T00:38:05.339Z"}
{"message":"Code: 404, Message: Page Not Found, URL: /public/images/13.jpg, Method: GET","level":"error","timestamp":"2021-07-04T00:38:36.182Z"}
{"message":"Code: 404, Message: Page Not Found, URL: /public/images/13.jpg, Method: GET","level":"error","timestamp":"2021-07-04T00:38:43.381Z"}
{"message":"Code: 404, Message: Page Not Found, URL: /public/images/13.jpg, Method: GET","level":"error","timestamp":"2021-07-04T00:38:59.694Z"}
{"message":"Code: 404, Message: Page Not Found, URL: /public/images/13.jpg, Method: GET","level":"error","timestamp":"2021-07-04T00:39:00.354Z"}
{"message":"Code: 404, Message: Page Not Found, URL: /public/images/13.jpg, Method: GET","level":"error","timestamp":"2021-07-04T00:39:00.554Z"}
{"message":"Code: 404, Message: Page Not Found, URL: /public/images/13.jpg, Method: GET","level":"error","timestamp":"2021-07-04T00:39:00.710Z"}
{"message":"Code: 404, Message: Page Not Found, URL: /public/images/13.jpg, Method: GET","level":"error","timestamp":"2021-07-04T00:39:00.876Z"}
{"message":"Code: 404, Message: Page Not Found, URL: /public/images/13.jpg, Method: GET","level":"error","timestamp":"2021-07-04T00:39:22.140Z"}
{"message":"Code: 404, Message: Page Not Found, URL: /public/images/13.jpg, Method: GET","level":"error","timestamp":"2021-07-04T00:39:32.325Z"}
{"message":"Code: 404, Message: Page Not Found, URL: /public/images/13.jpg, Method: GET","level":"error","timestamp":"2021-07-04T00:39:41.735Z"}
{"message":"Code: 404, Message: Page Not Found, URL: /public/images/13.jpg, Method: GET","level":"error","timestamp":"2021-07-04T00:40:19.814Z"}
{"message":"Code: 404, Message: Page Not Found, URL: /public/images/13.jpg, Method: GET","level":"error","timestamp":"2021-07-04T00:40:36.919Z"}
{"message":"Code: 404, Message: Page Not Found, URL: /public/images/13.jpg, Method: GET","level":"error","timestamp":"2021-07-04T00:40:52.673Z"}
{"message":"Code: 404, Message: Page Not Found, URL: /server/views/home/CV.hbs, Method: GET","level":"error","timestamp":"2021-07-04T00:40:57.486Z"}
{"message":"Code: 404, Message: Page Not Found, URL: /main.ea0b8639c28a9239722a.hot-update.json, Method: GET","level":"error","timestamp":"2021-07-04T00:44:18.380Z"}
{"message":"Code: 404, Message: Page Not Found, URL: /main.ea0b8639c28a9239722a.hot-update.json, Method: GET","level":"error","timestamp":"2021-07-04T00:44:18.450Z"}
{"message":"Code: 404, Message: Page Not Found, URL: /public/images/13.jpg, Method: GET","level":"error","timestamp":"2021-07-04T00:44:18.646Z"}
{"message":"Code: 404, Message: Page Not Found, URL: /public/images/13.jpg, Method: GET","level":"error","timestamp":"2021-07-04T00:44:18.822Z"}
{"message":"Code: 404, Message: Page Not Found, URL: /main.5d5085c7bd93e9120b65.hot-update.json, Method: GET","level":"error","timestamp":"2021-07-04T00:45:41.643Z"}
{"message":"Code: 404, Message: Page Not Found, URL: /main.5d5085c7bd93e9120b65.hot-update.json, Method: GET","level":"error","timestamp":"2021-07-04T00:45:41.755Z"}
{"message":"Code: 404, Message: Page Not Found, URL: /public/images/13.jpg, Method: GET","level":"error","timestamp":"2021-07-04T00:45:42.043Z"}
{"message":"Code: 404, Message: Page Not Found, URL: /main.5d5085c7bd93e9120b65.hot-update.json, Method: GET","level":"error","timestamp":"2021-07-04T00:45:42.179Z"}
{"message":"Code: 404, Message: Page Not Found, URL: /public/images/13.jpg, Method: GET","level":"error","timestamp":"2021-07-04T00:45:42.325Z"}
{"message":"Code: 404, Message: Page Not Found, URL: /public/images/13.jpg, Method: GET","level":"error","timestamp":"2021-07-04T00:45:49.376Z"}
{"message":"Code: 404, Message: Page Not Found, URL: /main.de99661b4487169caa32.hot-update.json, Method: GET","level":"error","timestamp":"2021-07-04T00:46:47.317Z"}
{"message":"Code: 404, Message: Page Not Found, URL: /main.de99661b4487169caa32.hot-update.json, Method: GET","level":"error","timestamp":"2021-07-04T00:46:47.369Z"}
{"message":"Code: 404, Message: Page Not Found, URL: /public/images/13.jpg, Method: GET","level":"error","timestamp":"2021-07-04T00:46:47.542Z"}
{"message":"Code: 404, Message: Page Not Found, URL: /public/images/13.jpg, Method: GET","level":"error","timestamp":"2021-07-04T00:46:47.651Z"}
{"message":"Code: 404, Message: Page Not Found, URL: /main.4d2bfb0341ebd0ada76b.hot-update.json, Method: GET","level":"error","timestamp":"2021-07-04T00:47:11.839Z"}
{"message":"Code: 404, Message: Page Not Found, URL: /main.4d2bfb0341ebd0ada76b.hot-update.json, Method: GET","level":"error","timestamp":"2021-07-04T00:47:11.877Z"}
{"message":"Code: 404, Message: Page Not Found, URL: /public/images/13.jpg, Method: GET","level":"error","timestamp":"2021-07-04T00:47:11.992Z"}
{"message":"Code: 404, Message: Page Not Found, URL: /public/images/13.jpg, Method: GET","level":"error","timestamp":"2021-07-04T00:47:12.059Z"}
{"message":"Code: 404, Message: Page Not Found, URL: /main.5468a85b5cfdf88107bb.hot-update.json, Method: GET","level":"error","timestamp":"2021-07-04T00:47:27.463Z"}
{"message":"Code: 404, Message: Page Not Found, URL: /main.5468a85b5cfdf88107bb.hot-update.json, Method: GET","level":"error","timestamp":"2021-07-04T00:47:27.522Z"}
{"message":"Code: 404, Message: Page Not Found, URL: /public/images/13.jpg, Method: GET","level":"error","timestamp":"2021-07-04T00:47:27.727Z"}
{"message":"Code: 404, Message: Page Not Found, URL: /public/images/13.jpg, Method: GET","level":"error","timestamp":"2021-07-04T00:47:27.780Z"}
{"message":"Code: 404, Message: Page Not Found, URL: /main.df567819bdbf9fec5e22.hot-update.json, Method: GET","level":"error","timestamp":"2021-07-04T00:47:54.802Z"}
{"message":"Code: 404, Message: Page Not Found, URL: /main.df567819bdbf9fec5e22.hot-update.json, Method: GET","level":"error","timestamp":"2021-07-04T00:47:54.856Z"}
{"message":"Code: 404, Message: Page Not Found, URL: /public/images/13.jpg, Method: GET","level":"error","timestamp":"2021-07-04T00:47:55.070Z"}
{"message":"Code: 404, Message: Page Not Found, URL: /public/images/13.jpg, Method: GET","level":"error","timestamp":"2021-07-04T00:47:55.099Z"}
